SF:/home/jack/tools/rust/zwift-race-finder/src/bin/analyze_descriptions.rs
FN:78,_RNCNCNvCsjnQy2VFS3ke_20analyze_descriptions4main00B5_
FN:141,_RNCNCNvCsjnQy2VFS3ke_20analyze_descriptions4main0s_0B5_
FN:35,_RNCNvCsjnQy2VFS3ke_20analyze_descriptions12fetch_events0B3_
FN:71,_RNCNvCsjnQy2VFS3ke_20analyze_descriptions4main0B3_
FN:35,_RNvCsjnQy2VFS3ke_20analyze_descriptions12fetch_events
FN:46,_RNvCsjnQy2VFS3ke_20analyze_descriptions25extract_distance_patterns
FN:71,_RNvCsjnQy2VFS3ke_20analyze_descriptions4main
FN:78,_RNCNCNvCsaIQmDjCpdvT_20analyze_descriptions4main00B5_
FN:141,_RNCNCNvCsaIQmDjCpdvT_20analyze_descriptions4main0s_0B5_
FN:35,_RNCNvCsaIQmDjCpdvT_20analyze_descriptions12fetch_events0B3_
FN:71,_RNCNvCsaIQmDjCpdvT_20analyze_descriptions4main0B3_
FN:35,_RNvCsaIQmDjCpdvT_20analyze_descriptions12fetch_events
FN:46,_RNvCsaIQmDjCpdvT_20analyze_descriptions25extract_distance_patterns
FN:71,_RNvCsaIQmDjCpdvT_20analyze_descriptions4main
FNDA:0,_RNCNCNvCsjnQy2VFS3ke_20analyze_descriptions4main00B5_
FNDA:0,_RNCNCNvCsjnQy2VFS3ke_20analyze_descriptions4main0s_0B5_
FNDA:0,_RNCNvCsjnQy2VFS3ke_20analyze_descriptions12fetch_events0B3_
FNDA:0,_RNCNvCsjnQy2VFS3ke_20analyze_descriptions4main0B3_
FNDA:0,_RNvCsjnQy2VFS3ke_20analyze_descriptions12fetch_events
FNDA:0,_RNvCsjnQy2VFS3ke_20analyze_descriptions25extract_distance_patterns
FNDA:0,_RNvCsjnQy2VFS3ke_20analyze_descriptions4main
FNDA:0,_RNCNCNvCsaIQmDjCpdvT_20analyze_descriptions4main00B5_
FNDA:0,_RNCNCNvCsaIQmDjCpdvT_20analyze_descriptions4main0s_0B5_
FNDA:0,_RNCNvCsaIQmDjCpdvT_20analyze_descriptions12fetch_events0B3_
FNDA:0,_RNCNvCsaIQmDjCpdvT_20analyze_descriptions4main0B3_
FNDA:0,_RNvCsaIQmDjCpdvT_20analyze_descriptions12fetch_events
FNDA:0,_RNvCsaIQmDjCpdvT_20analyze_descriptions25extract_distance_patterns
FNDA:0,_RNvCsaIQmDjCpdvT_20analyze_descriptions4main
FNF:7
FNH:0
DA:35,0
DA:36,0
DA:37,0
DA:38,0
DA:39,0
DA:41,0
DA:42,0
DA:43,0
DA:44,0
DA:46,0
DA:47,0
DA:48,0
DA:49,0
DA:50,0
DA:51,0
DA:52,0
DA:53,0
DA:54,0
DA:55,0
DA:56,0
DA:57,0
DA:58,0
DA:60,0
DA:61,0
DA:62,0
DA:63,0
DA:64,0
DA:67,0
DA:68,0
DA:71,0
DA:72,0
DA:73,0
DA:74,0
DA:75,0
DA:76,0
DA:77,0
DA:78,0
DA:79,0
DA:80,0
DA:81,0
DA:82,0
DA:83,0
DA:84,0
DA:85,0
DA:86,0
DA:87,0
DA:88,0
DA:89,0
DA:90,0
DA:91,0
DA:92,0
DA:93,0
DA:94,0
DA:95,0
DA:96,0
DA:97,0
DA:98,0
DA:99,0
DA:100,0
DA:101,0
DA:102,0
DA:103,0
DA:104,0
DA:105,0
DA:106,0
DA:107,0
DA:108,0
DA:109,0
DA:110,0
DA:111,0
DA:112,0
DA:113,0
DA:114,0
DA:115,0
DA:116,0
DA:117,0
DA:118,0
DA:119,0
DA:120,0
DA:121,0
DA:122,0
DA:123,0
DA:124,0
DA:125,0
DA:126,0
DA:127,0
DA:128,0
DA:129,0
DA:130,0
DA:131,0
DA:132,0
DA:133,0
DA:134,0
DA:135,0
DA:136,0
DA:137,0
DA:138,0
DA:139,0
DA:140,0
DA:141,0
DA:142,0
DA:143,0
DA:144,0
DA:145,0
DA:146,0
DA:147,0
DA:148,0
DA:149,0
DA:150,0
DA:151,0
DA:152,0
DA:153,0
DA:154,0
DA:155,0
DA:156,0
DA:157,0
DA:158,0
BRF:0
BRH:0
LF:186
LH:0
end_of_record
SF:/home/jack/tools/rust/zwift-race-finder/src/bin/debug_tags.rs
FN:53,_RNCNvCs32Nk2R4wwfL_10debug_tags4main0B3_
FN:20,_RNvCs32Nk2R4wwfL_10debug_tags4main
FN:53,_RNCNvCsideEh6uvdTt_10debug_tags4main0B3_
FN:20,_RNvCsideEh6uvdTt_10debug_tags4main
FNDA:0,_RNCNvCs32Nk2R4wwfL_10debug_tags4main0B3_
FNDA:0,_RNvCs32Nk2R4wwfL_10debug_tags4main
FNDA:0,_RNCNvCsideEh6uvdTt_10debug_tags4main0B3_
FNDA:0,_RNvCsideEh6uvdTt_10debug_tags4main
FNF:2
FNH:0
DA:20,0
DA:22,0
DA:23,0
DA:26,0
DA:27,0
DA:29,0
DA:30,0
DA:31,0
DA:32,0
DA:34,0
DA:35,0
DA:36,0
DA:37,0
DA:38,0
DA:39,0
DA:40,0
DA:41,0
DA:42,0
DA:43,0
DA:44,0
DA:45,0
DA:47,0
DA:51,0
DA:52,0
DA:53,0
DA:55,0
DA:56,0
DA:57,0
DA:59,0
DA:60,0
DA:61,0
DA:62,0
DA:63,0
DA:64,0
DA:68,0
DA:69,0
DA:70,0
DA:71,0
DA:72,0
DA:73,0
DA:74,0
DA:77,0
DA:78,0
DA:79,0
DA:80,0
DA:81,0
DA:82,0
DA:85,0
DA:86,0
BRF:0
BRH:0
LF:50
LH:0
end_of_record
SF:/home/jack/tools/rust/zwift-race-finder/src/config.rs
FN:232,_RNvMs4_NtCs1kDST8A3VsF_17zwift_race_finder6configNtB5_6Config17get_download_path
FN:180,_RNvMs4_NtCs1kDST8A3VsF_17zwift_race_finder6configNtB5_6Config19apply_env_overrides
FN:264,_RNvMs4_NtCs1kDST8A3VsF_17zwift_race_finder6configNtB5_6Config20get_user_config_path
FN:137,_RNvMs4_NtCs1kDST8A3VsF_17zwift_race_finder6configNtB5_6Config4load
FN:246,_RNvMs4_NtCs1kDST8A3VsF_17zwift_race_finder6configNtB5_6Config4save
FN:275,_RNvMs5_NtCs1kDST8A3VsF_17zwift_race_finder6configNtB5_7Secrets4load
FN:329,_RNvMs7_NtCs1kDST8A3VsF_17zwift_race_finder6configNtB5_10FullConfig16default_category
FN:347,_RNvMs7_NtCs1kDST8A3VsF_17zwift_race_finder6configNtB5_10FullConfig16default_height_m
FN:335,_RNvMs7_NtCs1kDST8A3VsF_17zwift_race_finder6configNtB5_10FullConfig16windows_username
FN:353,_RNvMs7_NtCs1kDST8A3VsF_17zwift_race_finder6configNtB5_10FullConfig17default_ftp_watts
FN:341,_RNvMs7_NtCs1kDST8A3VsF_17zwift_race_finder6configNtB5_10FullConfig17default_weight_kg
FN:324,_RNvMs7_NtCs1kDST8A3VsF_17zwift_race_finder6configNtB5_10FullConfig19default_zwift_score
FN:313,_RNvMs7_NtCs1kDST8A3VsF_17zwift_race_finder6configNtB5_10FullConfig21zwiftpower_profile_id
FN:319,_RNvMs7_NtCs1kDST8A3VsF_17zwift_race_finder6configNtB5_10FullConfig21zwiftpower_session_id
FN:303,_RNvMs7_NtCs1kDST8A3VsF_17zwift_race_finder6configNtB5_10FullConfig4load
FN:77,_RNvXNtCs1kDST8A3VsF_17zwift_race_finder6configNtB2_7SecretsNtNtCs9sjCchOt1K7_4core7default7Default7default
FN:97,_RNvXs0_NtCs1kDST8A3VsF_17zwift_race_finder6configNtB5_8DefaultsNtNtCs9sjCchOt1K7_4core7default7Default7default
FN:109,_RNvXs1_NtCs1kDST8A3VsF_17zwift_race_finder6configNtB5_12ImportConfigNtNtCs9sjCchOt1K7_4core7default7Default7default
FN:117,_RNvXs2_NtCs1kDST8A3VsF_17zwift_race_finder6configNtB5_11PreferencesNtNtCs9sjCchOt1K7_4core7default7Default7default
FN:127,_RNvXs3_NtCs1kDST8A3VsF_17zwift_race_finder6configNtB5_7DisplayNtNtCs9sjCchOt1K7_4core7default7Default7default
FN:293,_RNvXs6_NtCs1kDST8A3VsF_17zwift_race_finder6configNtB5_10FullConfigNtNtCs9sjCchOt1K7_4core7default7Default7default
FN:86,_RNvXs_NtCs1kDST8A3VsF_17zwift_race_finder6configNtB4_6ConfigNtNtCs9sjCchOt1K7_4core7default7Default7default
FN:234,_RNCNvMs4_NtCs1kDST8A3VsF_17zwift_race_finder6configNtB7_6Config17get_download_path0B9_
FN:240,_RNCNvMs4_NtCs1kDST8A3VsF_17zwift_race_finder6configNtB7_6Config17get_download_paths0_0B9_
FN:235,_RNCNvMs4_NtCs1kDST8A3VsF_17zwift_race_finder6configNtB7_6Config17get_download_paths_0B9_
FN:265,_RNCNvMs4_NtCs1kDST8A3VsF_17zwift_race_finder6configNtB7_6Config20get_user_config_path0B9_
FN:148,_RNCNvMs4_NtCs1kDST8A3VsF_17zwift_race_finder6configNtB7_6Config4load0B9_
FN:155,_RNCNvMs4_NtCs1kDST8A3VsF_17zwift_race_finder6configNtB7_6Config4loads_0B9_
FN:248,_RNCNvMs4_NtCs1kDST8A3VsF_17zwift_race_finder6configNtB7_6Config4save0B9_
FN:234,_RNCNvMs4_NtCsdY1tzCMfrk2_17zwift_race_finder6configNtB7_6Config17get_download_path0B9_
FN:240,_RNCNvMs4_NtCsdY1tzCMfrk2_17zwift_race_finder6configNtB7_6Config17get_download_paths0_0B9_
FN:235,_RNCNvMs4_NtCsdY1tzCMfrk2_17zwift_race_finder6configNtB7_6Config17get_download_paths_0B9_
FN:265,_RNCNvMs4_NtCsdY1tzCMfrk2_17zwift_race_finder6configNtB7_6Config20get_user_config_path0B9_
FN:148,_RNCNvMs4_NtCsdY1tzCMfrk2_17zwift_race_finder6configNtB7_6Config4load0B9_
FN:155,_RNCNvMs4_NtCsdY1tzCMfrk2_17zwift_race_finder6configNtB7_6Config4loads_0B9_
FN:248,_RNCNvMs4_NtCsdY1tzCMfrk2_17zwift_race_finder6configNtB7_6Config4save0B9_
FN:232,_RNvMs4_NtCsdY1tzCMfrk2_17zwift_race_finder6configNtB5_6Config17get_download_path
FN:180,_RNvMs4_NtCsdY1tzCMfrk2_17zwift_race_finder6configNtB5_6Config19apply_env_overrides
FN:264,_RNvMs4_NtCsdY1tzCMfrk2_17zwift_race_finder6configNtB5_6Config20get_user_config_path
FN:137,_RNvMs4_NtCsdY1tzCMfrk2_17zwift_race_finder6configNtB5_6Config4load
FN:246,_RNvMs4_NtCsdY1tzCMfrk2_17zwift_race_finder6configNtB5_6Config4save
FN:275,_RNvMs5_NtCsdY1tzCMfrk2_17zwift_race_finder6configNtB5_7Secrets4load
FN:329,_RNvMs7_NtCsdY1tzCMfrk2_17zwift_race_finder6configNtB5_10FullConfig16default_category
FN:347,_RNvMs7_NtCsdY1tzCMfrk2_17zwift_race_finder6configNtB5_10FullConfig16default_height_m
FN:335,_RNvMs7_NtCsdY1tzCMfrk2_17zwift_race_finder6configNtB5_10FullConfig16windows_username
FN:353,_RNvMs7_NtCsdY1tzCMfrk2_17zwift_race_finder6configNtB5_10FullConfig17default_ftp_watts
FN:341,_RNvMs7_NtCsdY1tzCMfrk2_17zwift_race_finder6configNtB5_10FullConfig17default_weight_kg
FN:324,_RNvMs7_NtCsdY1tzCMfrk2_17zwift_race_finder6configNtB5_10FullConfig19default_zwift_score
FN:313,_RNvMs7_NtCsdY1tzCMfrk2_17zwift_race_finder6configNtB5_10FullConfig21zwiftpower_profile_id
FN:319,_RNvMs7_NtCsdY1tzCMfrk2_17zwift_race_finder6configNtB5_10FullConfig21zwiftpower_session_id
FN:303,_RNvMs7_NtCsdY1tzCMfrk2_17zwift_race_finder6configNtB5_10FullConfig4load
FN:77,_RNvXNtCsdY1tzCMfrk2_17zwift_race_finder6configNtB2_7SecretsNtNtCs9sjCchOt1K7_4core7default7Default7default
FN:97,_RNvXs0_NtCsdY1tzCMfrk2_17zwift_race_finder6configNtB5_8DefaultsNtNtCs9sjCchOt1K7_4core7default7Default7default
FN:109,_RNvXs1_NtCsdY1tzCMfrk2_17zwift_race_finder6configNtB5_12ImportConfigNtNtCs9sjCchOt1K7_4core7default7Default7default
FN:117,_RNvXs2_NtCsdY1tzCMfrk2_17zwift_race_finder6configNtB5_11PreferencesNtNtCs9sjCchOt1K7_4core7default7Default7default
FN:127,_RNvXs3_NtCsdY1tzCMfrk2_17zwift_race_finder6configNtB5_7DisplayNtNtCs9sjCchOt1K7_4core7default7Default7default
FN:293,_RNvXs6_NtCsdY1tzCMfrk2_17zwift_race_finder6configNtB5_10FullConfigNtNtCs9sjCchOt1K7_4core7default7Default7default
FN:86,_RNvXs_NtCsdY1tzCMfrk2_17zwift_race_finder6configNtB4_6ConfigNtNtCs9sjCchOt1K7_4core7default7Default7default
FN:148,_RNCNvMs4_NtCs6l7Ma75WKx0_17zwift_race_finder6configNtB7_6Config4load0B9_
FN:155,_RNCNvMs4_NtCs6l7Ma75WKx0_17zwift_race_finder6configNtB7_6Config4loads_0B9_
FN:180,_RNvMs4_NtCs6l7Ma75WKx0_17zwift_race_finder6configNtB5_6Config19apply_env_overrides
FN:137,_RNvMs4_NtCs6l7Ma75WKx0_17zwift_race_finder6configNtB5_6Config4load
FN:275,_RNvMs5_NtCs6l7Ma75WKx0_17zwift_race_finder6configNtB5_7Secrets4load
FN:329,_RNvMs7_NtCs6l7Ma75WKx0_17zwift_race_finder6configNtB5_10FullConfig16default_category
FN:324,_RNvMs7_NtCs6l7Ma75WKx0_17zwift_race_finder6configNtB5_10FullConfig19default_zwift_score
FN:303,_RNvMs7_NtCs6l7Ma75WKx0_17zwift_race_finder6configNtB5_10FullConfig4load
FN:77,_RNvXNtCs6l7Ma75WKx0_17zwift_race_finder6configNtB2_7SecretsNtNtCs9sjCchOt1K7_4core7default7Default7default
FN:97,_RNvXs0_NtCs6l7Ma75WKx0_17zwift_race_finder6configNtB5_8DefaultsNtNtCs9sjCchOt1K7_4core7default7Default7default
FN:109,_RNvXs1_NtCs6l7Ma75WKx0_17zwift_race_finder6configNtB5_12ImportConfigNtNtCs9sjCchOt1K7_4core7default7Default7default
FN:117,_RNvXs2_NtCs6l7Ma75WKx0_17zwift_race_finder6configNtB5_11PreferencesNtNtCs9sjCchOt1K7_4core7default7Default7default
FN:127,_RNvXs3_NtCs6l7Ma75WKx0_17zwift_race_finder6configNtB5_7DisplayNtNtCs9sjCchOt1K7_4core7default7Default7default
FN:293,_RNvXs6_NtCs6l7Ma75WKx0_17zwift_race_finder6configNtB5_10FullConfigNtNtCs9sjCchOt1K7_4core7default7Default7default
FN:86,_RNvXs_NtCs6l7Ma75WKx0_17zwift_race_finder6configNtB4_6ConfigNtNtCs9sjCchOt1K7_4core7default7Default7default
FN:234,_RNCNvMs4_NtCs6l7Ma75WKx0_17zwift_race_finder6configNtB7_6Config17get_download_path0B9_
FN:240,_RNCNvMs4_NtCs6l7Ma75WKx0_17zwift_race_finder6configNtB7_6Config17get_download_paths0_0B9_
FN:235,_RNCNvMs4_NtCs6l7Ma75WKx0_17zwift_race_finder6configNtB7_6Config17get_download_paths_0B9_
FN:265,_RNCNvMs4_NtCs6l7Ma75WKx0_17zwift_race_finder6configNtB7_6Config20get_user_config_path0B9_
FN:248,_RNCNvMs4_NtCs6l7Ma75WKx0_17zwift_race_finder6configNtB7_6Config4save0B9_
FN:232,_RNvMs4_NtCs6l7Ma75WKx0_17zwift_race_finder6configNtB5_6Config17get_download_path
FN:264,_RNvMs4_NtCs6l7Ma75WKx0_17zwift_race_finder6configNtB5_6Config20get_user_config_path
FN:246,_RNvMs4_NtCs6l7Ma75WKx0_17zwift_race_finder6configNtB5_6Config4save
FN:347,_RNvMs7_NtCs6l7Ma75WKx0_17zwift_race_finder6configNtB5_10FullConfig16default_height_m
FN:335,_RNvMs7_NtCs6l7Ma75WKx0_17zwift_race_finder6configNtB5_10FullConfig16windows_username
FN:353,_RNvMs7_NtCs6l7Ma75WKx0_17zwift_race_finder6configNtB5_10FullConfig17default_ftp_watts
FN:341,_RNvMs7_NtCs6l7Ma75WKx0_17zwift_race_finder6configNtB5_10FullConfig17default_weight_kg
FN:313,_RNvMs7_NtCs6l7Ma75WKx0_17zwift_race_finder6configNtB5_10FullConfig21zwiftpower_profile_id
FN:319,_RNvMs7_NtCs6l7Ma75WKx0_17zwift_race_finder6configNtB5_10FullConfig21zwiftpower_session_id
FN:234,_RNCNvMs4_NtCs2felTZli3Ur_17zwift_race_finder6configNtB7_6Config17get_download_path0B9_
FN:240,_RNCNvMs4_NtCs2felTZli3Ur_17zwift_race_finder6configNtB7_6Config17get_download_paths0_0B9_
FN:235,_RNCNvMs4_NtCs2felTZli3Ur_17zwift_race_finder6configNtB7_6Config17get_download_paths_0B9_
FN:265,_RNCNvMs4_NtCs2felTZli3Ur_17zwift_race_finder6configNtB7_6Config20get_user_config_path0B9_
FN:148,_RNCNvMs4_NtCs2felTZli3Ur_17zwift_race_finder6configNtB7_6Config4load0B9_
FN:155,_RNCNvMs4_NtCs2felTZli3Ur_17zwift_race_finder6configNtB7_6Config4loads_0B9_
FN:248,_RNCNvMs4_NtCs2felTZli3Ur_17zwift_race_finder6configNtB7_6Config4save0B9_
FN:232,_RNvMs4_NtCs2felTZli3Ur_17zwift_race_finder6configNtB5_6Config17get_download_path
FN:180,_RNvMs4_NtCs2felTZli3Ur_17zwift_race_finder6configNtB5_6Config19apply_env_overrides
FN:264,_RNvMs4_NtCs2felTZli3Ur_17zwift_race_finder6configNtB5_6Config20get_user_config_path
FN:137,_RNvMs4_NtCs2felTZli3Ur_17zwift_race_finder6configNtB5_6Config4load
FN:246,_RNvMs4_NtCs2felTZli3Ur_17zwift_race_finder6configNtB5_6Config4save
FN:275,_RNvMs5_NtCs2felTZli3Ur_17zwift_race_finder6configNtB5_7Secrets4load
FN:329,_RNvMs7_NtCs2felTZli3Ur_17zwift_race_finder6configNtB5_10FullConfig16default_category
FN:347,_RNvMs7_NtCs2felTZli3Ur_17zwift_race_finder6configNtB5_10FullConfig16default_height_m
FN:335,_RNvMs7_NtCs2felTZli3Ur_17zwift_race_finder6configNtB5_10FullConfig16windows_username
FN:353,_RNvMs7_NtCs2felTZli3Ur_17zwift_race_finder6configNtB5_10FullConfig17default_ftp_watts
FN:341,_RNvMs7_NtCs2felTZli3Ur_17zwift_race_finder6configNtB5_10FullConfig17default_weight_kg
FN:324,_RNvMs7_NtCs2felTZli3Ur_17zwift_race_finder6configNtB5_10FullConfig19default_zwift_score
FN:313,_RNvMs7_NtCs2felTZli3Ur_17zwift_race_finder6configNtB5_10FullConfig21zwiftpower_profile_id
FN:319,_RNvMs7_NtCs2felTZli3Ur_17zwift_race_finder6configNtB5_10FullConfig21zwiftpower_session_id
FN:303,_RNvMs7_NtCs2felTZli3Ur_17zwift_race_finder6configNtB5_10FullConfig4load
FN:77,_RNvXNtCs2felTZli3Ur_17zwift_race_finder6configNtB2_7SecretsNtNtCs9sjCchOt1K7_4core7default7Default7default
FN:97,_RNvXs0_NtCs2felTZli3Ur_17zwift_race_finder6configNtB5_8DefaultsNtNtCs9sjCchOt1K7_4core7default7Default7default
FN:109,_RNvXs1_NtCs2felTZli3Ur_17zwift_race_finder6configNtB5_12ImportConfigNtNtCs9sjCchOt1K7_4core7default7Default7default
FN:117,_RNvXs2_NtCs2felTZli3Ur_17zwift_race_finder6configNtB5_11PreferencesNtNtCs9sjCchOt1K7_4core7default7Default7default
FN:127,_RNvXs3_NtCs2felTZli3Ur_17zwift_race_finder6configNtB5_7DisplayNtNtCs9sjCchOt1K7_4core7default7Default7default
FN:293,_RNvXs6_NtCs2felTZli3Ur_17zwift_race_finder6configNtB5_10FullConfigNtNtCs9sjCchOt1K7_4core7default7Default7default
FN:86,_RNvXs_NtCs2felTZli3Ur_17zwift_race_finder6configNtB4_6ConfigNtNtCs9sjCchOt1K7_4core7default7Default7default
FNDA:0,_RNvMs4_NtCs1kDST8A3VsF_17zwift_race_finder6configNtB5_6Config17get_download_path
FNDA:2,_RNvMs4_NtCs1kDST8A3VsF_17zwift_race_finder6configNtB5_6Config19apply_env_overrides
FNDA:0,_RNvMs4_NtCs1kDST8A3VsF_17zwift_race_finder6configNtB5_6Config20get_user_config_path
FNDA:2,_RNvMs4_NtCs1kDST8A3VsF_17zwift_race_finder6configNtB5_6Config4load
FNDA:0,_RNvMs4_NtCs1kDST8A3VsF_17zwift_race_finder6configNtB5_6Config4save
FNDA:0,_RNvMs5_NtCs1kDST8A3VsF_17zwift_race_finder6configNtB5_7Secrets4load
FNDA:0,_RNvMs7_NtCs1kDST8A3VsF_17zwift_race_finder6configNtB5_10FullConfig16default_category
FNDA:0,_RNvMs7_NtCs1kDST8A3VsF_17zwift_race_finder6configNtB5_10FullConfig16default_height_m
FNDA:0,_RNvMs7_NtCs1kDST8A3VsF_17zwift_race_finder6configNtB5_10FullConfig16windows_username
FNDA:0,_RNvMs7_NtCs1kDST8A3VsF_17zwift_race_finder6configNtB5_10FullConfig17default_ftp_watts
FNDA:0,_RNvMs7_NtCs1kDST8A3VsF_17zwift_race_finder6configNtB5_10FullConfig17default_weight_kg
FNDA:0,_RNvMs7_NtCs1kDST8A3VsF_17zwift_race_finder6configNtB5_10FullConfig19default_zwift_score
FNDA:0,_RNvMs7_NtCs1kDST8A3VsF_17zwift_race_finder6configNtB5_10FullConfig21zwiftpower_profile_id
FNDA:0,_RNvMs7_NtCs1kDST8A3VsF_17zwift_race_finder6configNtB5_10FullConfig21zwiftpower_session_id
FNDA:0,_RNvMs7_NtCs1kDST8A3VsF_17zwift_race_finder6configNtB5_10FullConfig4load
FNDA:0,_RNvXNtCs1kDST8A3VsF_17zwift_race_finder6configNtB2_7SecretsNtNtCs9sjCchOt1K7_4core7default7Default7default
FNDA:4,_RNvXs0_NtCs1kDST8A3VsF_17zwift_race_finder6configNtB5_8DefaultsNtNtCs9sjCchOt1K7_4core7default7Default7default
FNDA:7,_RNvXs1_NtCs1kDST8A3VsF_17zwift_race_finder6configNtB5_12ImportConfigNtNtCs9sjCchOt1K7_4core7default7Default7default
FNDA:5,_RNvXs2_NtCs1kDST8A3VsF_17zwift_race_finder6configNtB5_11PreferencesNtNtCs9sjCchOt1K7_4core7default7Default7default
FNDA:6,_RNvXs3_NtCs1kDST8A3VsF_17zwift_race_finder6configNtB5_7DisplayNtNtCs9sjCchOt1K7_4core7default7Default7default
FNDA:0,_RNvXs6_NtCs1kDST8A3VsF_17zwift_race_finder6configNtB5_10FullConfigNtNtCs9sjCchOt1K7_4core7default7Default7default
FNDA:3,_RNvXs_NtCs1kDST8A3VsF_17zwift_race_finder6configNtB4_6ConfigNtNtCs9sjCchOt1K7_4core7default7Default7default
FNDA:0,_RNCNvMs4_NtCs1kDST8A3VsF_17zwift_race_finder6configNtB7_6Config17get_download_path0B9_
FNDA:0,_RNCNvMs4_NtCs1kDST8A3VsF_17zwift_race_finder6configNtB7_6Config17get_download_paths0_0B9_
FNDA:0,_RNCNvMs4_NtCs1kDST8A3VsF_17zwift_race_finder6configNtB7_6Config17get_download_paths_0B9_
FNDA:0,_RNCNvMs4_NtCs1kDST8A3VsF_17zwift_race_finder6configNtB7_6Config20get_user_config_path0B9_
FNDA:2,_RNCNvMs4_NtCs1kDST8A3VsF_17zwift_race_finder6configNtB7_6Config4load0B9_
FNDA:2,_RNCNvMs4_NtCs1kDST8A3VsF_17zwift_race_finder6configNtB7_6Config4loads_0B9_
FNDA:0,_RNCNvMs4_NtCs1kDST8A3VsF_17zwift_race_finder6configNtB7_6Config4save0B9_
FNDA:0,_RNCNvMs4_NtCsdY1tzCMfrk2_17zwift_race_finder6configNtB7_6Config17get_download_path0B9_
FNDA:0,_RNCNvMs4_NtCsdY1tzCMfrk2_17zwift_race_finder6configNtB7_6Config17get_download_paths0_0B9_
FNDA:0,_RNCNvMs4_NtCsdY1tzCMfrk2_17zwift_race_finder6configNtB7_6Config17get_download_paths_0B9_
FNDA:0,_RNCNvMs4_NtCsdY1tzCMfrk2_17zwift_race_finder6configNtB7_6Config20get_user_config_path0B9_
FNDA:0,_RNCNvMs4_NtCsdY1tzCMfrk2_17zwift_race_finder6configNtB7_6Config4load0B9_
FNDA:0,_RNCNvMs4_NtCsdY1tzCMfrk2_17zwift_race_finder6configNtB7_6Config4loads_0B9_
FNDA:0,_RNCNvMs4_NtCsdY1tzCMfrk2_17zwift_race_finder6configNtB7_6Config4save0B9_
FNDA:0,_RNvMs4_NtCsdY1tzCMfrk2_17zwift_race_finder6configNtB5_6Config17get_download_path
FNDA:0,_RNvMs4_NtCsdY1tzCMfrk2_17zwift_race_finder6configNtB5_6Config19apply_env_overrides
FNDA:0,_RNvMs4_NtCsdY1tzCMfrk2_17zwift_race_finder6configNtB5_6Config20get_user_config_path
FNDA:0,_RNvMs4_NtCsdY1tzCMfrk2_17zwift_race_finder6configNtB5_6Config4load
FNDA:0,_RNvMs4_NtCsdY1tzCMfrk2_17zwift_race_finder6configNtB5_6Config4save
FNDA:0,_RNvMs5_NtCsdY1tzCMfrk2_17zwift_race_finder6configNtB5_7Secrets4load
FNDA:0,_RNvMs7_NtCsdY1tzCMfrk2_17zwift_race_finder6configNtB5_10FullConfig16default_category
FNDA:0,_RNvMs7_NtCsdY1tzCMfrk2_17zwift_race_finder6configNtB5_10FullConfig16default_height_m
FNDA:0,_RNvMs7_NtCsdY1tzCMfrk2_17zwift_race_finder6configNtB5_10FullConfig16windows_username
FNDA:0,_RNvMs7_NtCsdY1tzCMfrk2_17zwift_race_finder6configNtB5_10FullConfig17default_ftp_watts
FNDA:0,_RNvMs7_NtCsdY1tzCMfrk2_17zwift_race_finder6configNtB5_10FullConfig17default_weight_kg
FNDA:0,_RNvMs7_NtCsdY1tzCMfrk2_17zwift_race_finder6configNtB5_10FullConfig19default_zwift_score
FNDA:0,_RNvMs7_NtCsdY1tzCMfrk2_17zwift_race_finder6configNtB5_10FullConfig21zwiftpower_profile_id
FNDA:0,_RNvMs7_NtCsdY1tzCMfrk2_17zwift_race_finder6configNtB5_10FullConfig21zwiftpower_session_id
FNDA:0,_RNvMs7_NtCsdY1tzCMfrk2_17zwift_race_finder6configNtB5_10FullConfig4load
FNDA:0,_RNvXNtCsdY1tzCMfrk2_17zwift_race_finder6configNtB2_7SecretsNtNtCs9sjCchOt1K7_4core7default7Default7default
FNDA:0,_RNvXs0_NtCsdY1tzCMfrk2_17zwift_race_finder6configNtB5_8DefaultsNtNtCs9sjCchOt1K7_4core7default7Default7default
FNDA:0,_RNvXs1_NtCsdY1tzCMfrk2_17zwift_race_finder6configNtB5_12ImportConfigNtNtCs9sjCchOt1K7_4core7default7Default7default
FNDA:0,_RNvXs2_NtCsdY1tzCMfrk2_17zwift_race_finder6configNtB5_11PreferencesNtNtCs9sjCchOt1K7_4core7default7Default7default
FNDA:0,_RNvXs3_NtCsdY1tzCMfrk2_17zwift_race_finder6configNtB5_7DisplayNtNtCs9sjCchOt1K7_4core7default7Default7default
FNDA:0,_RNvXs6_NtCsdY1tzCMfrk2_17zwift_race_finder6configNtB5_10FullConfigNtNtCs9sjCchOt1K7_4core7default7Default7default
FNDA:0,_RNvXs_NtCsdY1tzCMfrk2_17zwift_race_finder6configNtB4_6ConfigNtNtCs9sjCchOt1K7_4core7default7Default7default
FNDA:0,_RNCNvMs4_NtCs6l7Ma75WKx0_17zwift_race_finder6configNtB7_6Config4load0B9_
FNDA:0,_RNCNvMs4_NtCs6l7Ma75WKx0_17zwift_race_finder6configNtB7_6Config4loads_0B9_
FNDA:0,_RNvMs4_NtCs6l7Ma75WKx0_17zwift_race_finder6configNtB5_6Config19apply_env_overrides
FNDA:0,_RNvMs4_NtCs6l7Ma75WKx0_17zwift_race_finder6configNtB5_6Config4load
FNDA:0,_RNvMs5_NtCs6l7Ma75WKx0_17zwift_race_finder6configNtB5_7Secrets4load
FNDA:0,_RNvMs7_NtCs6l7Ma75WKx0_17zwift_race_finder6configNtB5_10FullConfig16default_category
FNDA:0,_RNvMs7_NtCs6l7Ma75WKx0_17zwift_race_finder6configNtB5_10FullConfig19default_zwift_score
FNDA:0,_RNvMs7_NtCs6l7Ma75WKx0_17zwift_race_finder6configNtB5_10FullConfig4load
FNDA:0,_RNvXNtCs6l7Ma75WKx0_17zwift_race_finder6configNtB2_7SecretsNtNtCs9sjCchOt1K7_4core7default7Default7default
FNDA:0,_RNvXs0_NtCs6l7Ma75WKx0_17zwift_race_finder6configNtB5_8DefaultsNtNtCs9sjCchOt1K7_4core7default7Default7default
FNDA:0,_RNvXs1_NtCs6l7Ma75WKx0_17zwift_race_finder6configNtB5_12ImportConfigNtNtCs9sjCchOt1K7_4core7default7Default7default
FNDA:0,_RNvXs2_NtCs6l7Ma75WKx0_17zwift_race_finder6configNtB5_11PreferencesNtNtCs9sjCchOt1K7_4core7default7Default7default
FNDA:0,_RNvXs3_NtCs6l7Ma75WKx0_17zwift_race_finder6configNtB5_7DisplayNtNtCs9sjCchOt1K7_4core7default7Default7default
FNDA:0,_RNvXs6_NtCs6l7Ma75WKx0_17zwift_race_finder6configNtB5_10FullConfigNtNtCs9sjCchOt1K7_4core7default7Default7default
FNDA:0,_RNvXs_NtCs6l7Ma75WKx0_17zwift_race_finder6configNtB4_6ConfigNtNtCs9sjCchOt1K7_4core7default7Default7default
FNDA:0,_RNCNvMs4_NtCs6l7Ma75WKx0_17zwift_race_finder6configNtB7_6Config17get_download_path0B9_
FNDA:0,_RNCNvMs4_NtCs6l7Ma75WKx0_17zwift_race_finder6configNtB7_6Config17get_download_paths0_0B9_
FNDA:0,_RNCNvMs4_NtCs6l7Ma75WKx0_17zwift_race_finder6configNtB7_6Config17get_download_paths_0B9_
FNDA:0,_RNCNvMs4_NtCs6l7Ma75WKx0_17zwift_race_finder6configNtB7_6Config20get_user_config_path0B9_
FNDA:0,_RNCNvMs4_NtCs6l7Ma75WKx0_17zwift_race_finder6configNtB7_6Config4save0B9_
FNDA:0,_RNvMs4_NtCs6l7Ma75WKx0_17zwift_race_finder6configNtB5_6Config17get_download_path
FNDA:0,_RNvMs4_NtCs6l7Ma75WKx0_17zwift_race_finder6configNtB5_6Config20get_user_config_path
FNDA:0,_RNvMs4_NtCs6l7Ma75WKx0_17zwift_race_finder6configNtB5_6Config4save
FNDA:0,_RNvMs7_NtCs6l7Ma75WKx0_17zwift_race_finder6configNtB5_10FullConfig16default_height_m
FNDA:0,_RNvMs7_NtCs6l7Ma75WKx0_17zwift_race_finder6configNtB5_10FullConfig16windows_username
FNDA:0,_RNvMs7_NtCs6l7Ma75WKx0_17zwift_race_finder6configNtB5_10FullConfig17default_ftp_watts
FNDA:0,_RNvMs7_NtCs6l7Ma75WKx0_17zwift_race_finder6configNtB5_10FullConfig17default_weight_kg
FNDA:0,_RNvMs7_NtCs6l7Ma75WKx0_17zwift_race_finder6configNtB5_10FullConfig21zwiftpower_profile_id
FNDA:0,_RNvMs7_NtCs6l7Ma75WKx0_17zwift_race_finder6configNtB5_10FullConfig21zwiftpower_session_id
FNDA:0,_RNCNvMs4_NtCs2felTZli3Ur_17zwift_race_finder6configNtB7_6Config17get_download_path0B9_
FNDA:0,_RNCNvMs4_NtCs2felTZli3Ur_17zwift_race_finder6configNtB7_6Config17get_download_paths0_0B9_
FNDA:0,_RNCNvMs4_NtCs2felTZli3Ur_17zwift_race_finder6configNtB7_6Config17get_download_paths_0B9_
FNDA:0,_RNCNvMs4_NtCs2felTZli3Ur_17zwift_race_finder6configNtB7_6Config20get_user_config_path0B9_
FNDA:0,_RNCNvMs4_NtCs2felTZli3Ur_17zwift_race_finder6configNtB7_6Config4load0B9_
FNDA:0,_RNCNvMs4_NtCs2felTZli3Ur_17zwift_race_finder6configNtB7_6Config4loads_0B9_
FNDA:0,_RNCNvMs4_NtCs2felTZli3Ur_17zwift_race_finder6configNtB7_6Config4save0B9_
FNDA:0,_RNvMs4_NtCs2felTZli3Ur_17zwift_race_finder6configNtB5_6Config17get_download_path
FNDA:0,_RNvMs4_NtCs2felTZli3Ur_17zwift_race_finder6configNtB5_6Config19apply_env_overrides
FNDA:0,_RNvMs4_NtCs2felTZli3Ur_17zwift_race_finder6configNtB5_6Config20get_user_config_path
FNDA:0,_RNvMs4_NtCs2felTZli3Ur_17zwift_race_finder6configNtB5_6Config4load
FNDA:0,_RNvMs4_NtCs2felTZli3Ur_17zwift_race_finder6configNtB5_6Config4save
FNDA:0,_RNvMs5_NtCs2felTZli3Ur_17zwift_race_finder6configNtB5_7Secrets4load
FNDA:0,_RNvMs7_NtCs2felTZli3Ur_17zwift_race_finder6configNtB5_10FullConfig16default_category
FNDA:0,_RNvMs7_NtCs2felTZli3Ur_17zwift_race_finder6configNtB5_10FullConfig16default_height_m
FNDA:0,_RNvMs7_NtCs2felTZli3Ur_17zwift_race_finder6configNtB5_10FullConfig16windows_username
FNDA:0,_RNvMs7_NtCs2felTZli3Ur_17zwift_race_finder6configNtB5_10FullConfig17default_ftp_watts
FNDA:0,_RNvMs7_NtCs2felTZli3Ur_17zwift_race_finder6configNtB5_10FullConfig17default_weight_kg
FNDA:0,_RNvMs7_NtCs2felTZli3Ur_17zwift_race_finder6configNtB5_10FullConfig19default_zwift_score
FNDA:0,_RNvMs7_NtCs2felTZli3Ur_17zwift_race_finder6configNtB5_10FullConfig21zwiftpower_profile_id
FNDA:0,_RNvMs7_NtCs2felTZli3Ur_17zwift_race_finder6configNtB5_10FullConfig21zwiftpower_session_id
FNDA:0,_RNvMs7_NtCs2felTZli3Ur_17zwift_race_finder6configNtB5_10FullConfig4load
FNDA:0,_RNvXNtCs2felTZli3Ur_17zwift_race_finder6configNtB2_7SecretsNtNtCs9sjCchOt1K7_4core7default7Default7default
FNDA:0,_RNvXs0_NtCs2felTZli3Ur_17zwift_race_finder6configNtB5_8DefaultsNtNtCs9sjCchOt1K7_4core7default7Default7default
FNDA:0,_RNvXs1_NtCs2felTZli3Ur_17zwift_race_finder6configNtB5_12ImportConfigNtNtCs9sjCchOt1K7_4core7default7Default7default
FNDA:0,_RNvXs2_NtCs2felTZli3Ur_17zwift_race_finder6configNtB5_11PreferencesNtNtCs9sjCchOt1K7_4core7default7Default7default
FNDA:0,_RNvXs3_NtCs2felTZli3Ur_17zwift_race_finder6configNtB5_7DisplayNtNtCs9sjCchOt1K7_4core7default7Default7default
FNDA:0,_RNvXs6_NtCs2felTZli3Ur_17zwift_race_finder6configNtB5_10FullConfigNtNtCs9sjCchOt1K7_4core7default7Default7default
FNDA:0,_RNvXs_NtCs2felTZli3Ur_17zwift_race_finder6configNtB4_6ConfigNtNtCs9sjCchOt1K7_4core7default7Default7default
FNF:29
FNH:9
DA:77,0
DA:78,0
DA:79,0
DA:80,0
DA:81,0
DA:82,0
DA:86,3
DA:87,3
DA:88,3
DA:89,3
DA:90,3
DA:91,3
DA:92,3
DA:93,3
DA:97,4
DA:98,4
DA:99,4
DA:100,4
DA:101,4
DA:102,4
DA:103,4
DA:104,4
DA:105,4
DA:109,7
DA:110,7
DA:111,7
DA:112,7
DA:113,7
DA:117,5
DA:118,5
DA:119,5
DA:120,5
DA:121,5
DA:122,5
DA:123,5
DA:127,6
DA:128,6
DA:129,6
DA:130,6
DA:131,6
DA:132,6
DA:137,2
DA:138,2
DA:139,2
DA:140,2
DA:141,2
DA:142,2
DA:143,2
DA:144,2
DA:145,2
DA:146,2
DA:147,2
DA:148,2
DA:149,2
DA:150,2
DA:151,2
DA:152,2
DA:153,2
DA:154,2
DA:155,2
DA:156,2
DA:157,2
DA:158,2
DA:159,2
DA:160,2
DA:161,2
DA:162,2
DA:163,2
DA:164,2
DA:165,5
DA:166,4
DA:167,1
DA:168,1
DA:169,1
DA:170,3
DA:174,2
DA:175,2
DA:176,2
DA:177,2
DA:180,2
DA:182,2
DA:183,0
DA:184,0
DA:185,0
DA:186,2
DA:188,2
DA:189,0
DA:190,2
DA:192,2
DA:193,0
DA:194,0
DA:195,0
DA:196,2
DA:198,2
DA:199,0
DA:200,0
DA:201,0
DA:202,2
DA:204,2
DA:205,0
DA:206,0
DA:207,0
DA:208,2
DA:211,2
DA:212,0
DA:213,0
DA:214,0
DA:215,2
DA:217,2
DA:218,0
DA:219,0
DA:220,0
DA:221,2
DA:223,2
DA:224,0
DA:225,0
DA:226,0
DA:227,2
DA:228,2
DA:232,0
DA:233,0
DA:234,0
DA:235,0
DA:236,0
DA:237,0
DA:238,0
DA:240,0
DA:242,0
DA:246,0
DA:247,0
DA:248,0
DA:249,0
DA:250,0
DA:251,0
DA:252,0
DA:254,0
DA:255,0
DA:256,0
DA:258,0
DA:259,0
DA:260,0
DA:264,0
DA:265,0
DA:266,0
DA:267,0
DA:268,0
DA:269,0
DA:270,0
DA:275,0
DA:276,0
DA:277,0
DA:278,0
DA:279,0
DA:280,0
DA:281,0
DA:293,0
DA:294,0
DA:295,0
DA:296,0
DA:297,0
DA:298,0
DA:303,0
DA:304,0
DA:305,0
DA:306,0
DA:308,0
DA:313,0
DA:314,0
DA:315,0
DA:319,0
DA:320,0
DA:321,0
DA:324,0
DA:325,0
DA:326,0
DA:329,0
DA:330,0
DA:331,0
DA:335,0
DA:336,0
DA:337,0
DA:341,0
DA:342,0
DA:343,0
DA:347,0
DA:348,0
DA:349,0
DA:353,0
DA:354,0
DA:355,0
BRF:0
BRH:0
LF:200
LH:95
end_of_record
SF:/home/jack/tools/rust/zwift-race-finder/src/database.rs
FN:421,_RNCNvMNtCs1kDST8A3VsF_17zwift_race_finder8databaseNtB4_8Database14get_all_routes0B6_
FN:499,_RNCNvMNtCs1kDST8A3VsF_17zwift_race_finder8databaseNtB4_8Database15get_rider_stats0B6_
FN:302,_RNCNvMNtCs1kDST8A3VsF_17zwift_race_finder8databaseNtB4_8Database17get_route_by_name0B6_
FN:196,_RNCNvMNtCs1kDST8A3VsF_17zwift_race_finder8databaseNtB4_8Database17seed_initial_data0B6_
FN:517,_RNCNvMNtCs1kDST8A3VsF_17zwift_race_finder8databaseNtB4_8Database18get_multi_lap_info0B6_
FN:530,_RNCNvMNtCs1kDST8A3VsF_17zwift_race_finder8databaseNtB4_8Database18get_multi_lap_infos_0B6_
FN:486,_RNCNvMNtCs1kDST8A3VsF_17zwift_race_finder8databaseNtB4_8Database18get_unknown_routes0B6_
FN:607,_RNCNvMNtCs1kDST8A3VsF_17zwift_race_finder8databaseNtB4_8Database18is_route_completed0B6_
FN:617,_RNCNvMNtCs1kDST8A3VsF_17zwift_race_finder8databaseNtB4_8Database20get_completion_stats0B6_
FN:623,_RNCNvMNtCs1kDST8A3VsF_17zwift_race_finder8databaseNtB4_8Database20get_completion_statss_0B6_
FN:391,_RNCNvMNtCs1kDST8A3VsF_17zwift_race_finder8databaseNtB4_8Database21get_average_race_time0B6_
FN:407,_RNCNvMNtCs1kDST8A3VsF_17zwift_race_finder8databaseNtB4_8Database21get_average_race_times0_0B6_
FN:403,_RNCNvMNtCs1kDST8A3VsF_17zwift_race_finder8databaseNtB4_8Database21get_average_race_times_0B6_
FN:543,_RNCNvMNtCs1kDST8A3VsF_17zwift_race_finder8databaseNtB4_8Database24should_attempt_discovery0B6_
FN:364,_RNCNvMNtCs1kDST8A3VsF_17zwift_race_finder8databaseNtB4_8Database26get_race_results_for_route0B6_
FN:641,_RNCNvMNtCs1kDST8A3VsF_17zwift_race_finder8databaseNtB4_8Database26get_world_completion_stats0B6_
FN:239,_RNCNvMNtCs1kDST8A3VsF_17zwift_race_finder8databaseNtB4_8Database9get_route0B6_
FN:656,_RNCNvNtCs1kDST8A3VsF_17zwift_race_finder8database17get_database_path0B5_
FN:302,_RNCNvMNtCsdY1tzCMfrk2_17zwift_race_finder8databaseNtB4_8Database17get_route_by_name0B6_
FN:486,_RNCNvMNtCsdY1tzCMfrk2_17zwift_race_finder8databaseNtB4_8Database18get_unknown_routes0B6_
FN:617,_RNCNvMNtCsdY1tzCMfrk2_17zwift_race_finder8databaseNtB4_8Database20get_completion_stats0B6_
FN:623,_RNCNvMNtCsdY1tzCMfrk2_17zwift_race_finder8databaseNtB4_8Database20get_completion_statss_0B6_
FN:391,_RNCNvMNtCsdY1tzCMfrk2_17zwift_race_finder8databaseNtB4_8Database21get_average_race_time0B6_
FN:407,_RNCNvMNtCsdY1tzCMfrk2_17zwift_race_finder8databaseNtB4_8Database21get_average_race_times0_0B6_
FN:403,_RNCNvMNtCsdY1tzCMfrk2_17zwift_race_finder8databaseNtB4_8Database21get_average_race_times_0B6_
FN:543,_RNCNvMNtCsdY1tzCMfrk2_17zwift_race_finder8databaseNtB4_8Database24should_attempt_discovery0B6_
FN:641,_RNCNvMNtCsdY1tzCMfrk2_17zwift_race_finder8databaseNtB4_8Database26get_world_completion_stats0B6_
FN:290,_RNvMNtCsdY1tzCMfrk2_17zwift_race_finder8databaseNtB2_8Database17get_route_by_name
FN:479,_RNvMNtCsdY1tzCMfrk2_17zwift_race_finder8databaseNtB2_8Database18get_unknown_routes
FN:593,_RNvMNtCsdY1tzCMfrk2_17zwift_race_finder8databaseNtB2_8Database19mark_route_complete
FN:613,_RNvMNtCsdY1tzCMfrk2_17zwift_race_finder8databaseNtB2_8Database20get_completion_stats
FN:382,_RNvMNtCsdY1tzCMfrk2_17zwift_race_finder8databaseNtB2_8Database21get_average_race_time
FN:564,_RNvMNtCsdY1tzCMfrk2_17zwift_race_finder8databaseNtB2_8Database21save_discovered_route
FN:551,_RNvMNtCsdY1tzCMfrk2_17zwift_race_finder8databaseNtB2_8Database24record_discovery_attempt
FN:537,_RNvMNtCsdY1tzCMfrk2_17zwift_race_finder8databaseNtB2_8Database24should_attempt_discovery
FN:630,_RNvMNtCsdY1tzCMfrk2_17zwift_race_finder8databaseNtB2_8Database26get_world_completion_stats
FN:262,_RNvMNtCsdY1tzCMfrk2_17zwift_race_finder8databaseNtB2_8Database9add_route
FN:97,_RNvMNtCsdY1tzCMfrk2_17zwift_race_finder8databaseNtB2_8Database13create_tables
FN:412,_RNvMNtCsdY1tzCMfrk2_17zwift_race_finder8databaseNtB2_8Database14get_all_routes
FN:338,_RNvMNtCsdY1tzCMfrk2_17zwift_race_finder8databaseNtB2_8Database15add_race_result
FN:495,_RNvMNtCsdY1tzCMfrk2_17zwift_race_finder8databaseNtB2_8Database15get_rider_stats
FN:191,_RNvMNtCsdY1tzCMfrk2_17zwift_race_finder8databaseNtB2_8Database17seed_initial_data
FN:512,_RNvMNtCsdY1tzCMfrk2_17zwift_race_finder8databaseNtB2_8Database18get_multi_lap_info
FN:603,_RNvMNtCsdY1tzCMfrk2_17zwift_race_finder8databaseNtB2_8Database18is_route_completed
FN:444,_RNvMNtCsdY1tzCMfrk2_17zwift_race_finder8databaseNtB2_8Database20get_all_race_results
FN:325,_RNvMNtCsdY1tzCMfrk2_17zwift_race_finder8databaseNtB2_8Database20record_unknown_route
FN:356,_RNvMNtCsdY1tzCMfrk2_17zwift_race_finder8databaseNtB2_8Database26get_race_results_for_route
FN:86,_RNvMNtCsdY1tzCMfrk2_17zwift_race_finder8databaseNtB2_8Database3new
FN:230,_RNvMNtCsdY1tzCMfrk2_17zwift_race_finder8databaseNtB2_8Database9get_route
FN:654,_RNvNtCsdY1tzCMfrk2_17zwift_race_finder8database17get_database_path
FN:421,_RNCNvMNtCsdY1tzCMfrk2_17zwift_race_finder8databaseNtB4_8Database14get_all_routes0B6_
FN:499,_RNCNvMNtCsdY1tzCMfrk2_17zwift_race_finder8databaseNtB4_8Database15get_rider_stats0B6_
FN:196,_RNCNvMNtCsdY1tzCMfrk2_17zwift_race_finder8databaseNtB4_8Database17seed_initial_data0B6_
FN:517,_RNCNvMNtCsdY1tzCMfrk2_17zwift_race_finder8databaseNtB4_8Database18get_multi_lap_info0B6_
FN:530,_RNCNvMNtCsdY1tzCMfrk2_17zwift_race_finder8databaseNtB4_8Database18get_multi_lap_infos_0B6_
FN:607,_RNCNvMNtCsdY1tzCMfrk2_17zwift_race_finder8databaseNtB4_8Database18is_route_completed0B6_
FN:451,_RNCNvMNtCsdY1tzCMfrk2_17zwift_race_finder8databaseNtB4_8Database20get_all_race_results0B6_
FN:364,_RNCNvMNtCsdY1tzCMfrk2_17zwift_race_finder8databaseNtB4_8Database26get_race_results_for_route0B6_
FN:239,_RNCNvMNtCsdY1tzCMfrk2_17zwift_race_finder8databaseNtB4_8Database9get_route0B6_
FN:656,_RNCNvNtCsdY1tzCMfrk2_17zwift_race_finder8database17get_database_path0B5_
FN:669,_RNvNtNtCsdY1tzCMfrk2_17zwift_race_finder8database5testss_22test_database_creation
FN:681,_RNvNtNtCsdY1tzCMfrk2_17zwift_race_finder8database5testss_24test_race_result_storage
FN:499,_RNCNvMNtCs6l7Ma75WKx0_17zwift_race_finder8databaseNtB4_8Database15get_rider_stats0B6_
FN:196,_RNCNvMNtCs6l7Ma75WKx0_17zwift_race_finder8databaseNtB4_8Database17seed_initial_data0B6_
FN:517,_RNCNvMNtCs6l7Ma75WKx0_17zwift_race_finder8databaseNtB4_8Database18get_multi_lap_info0B6_
FN:530,_RNCNvMNtCs6l7Ma75WKx0_17zwift_race_finder8databaseNtB4_8Database18get_multi_lap_infos_0B6_
FN:486,_RNCNvMNtCs6l7Ma75WKx0_17zwift_race_finder8databaseNtB4_8Database18get_unknown_routes0B6_
FN:607,_RNCNvMNtCs6l7Ma75WKx0_17zwift_race_finder8databaseNtB4_8Database18is_route_completed0B6_
FN:617,_RNCNvMNtCs6l7Ma75WKx0_17zwift_race_finder8databaseNtB4_8Database20get_completion_stats0B6_
FN:623,_RNCNvMNtCs6l7Ma75WKx0_17zwift_race_finder8databaseNtB4_8Database20get_completion_statss_0B6_
FN:543,_RNCNvMNtCs6l7Ma75WKx0_17zwift_race_finder8databaseNtB4_8Database24should_attempt_discovery0B6_
FN:641,_RNCNvMNtCs6l7Ma75WKx0_17zwift_race_finder8databaseNtB4_8Database26get_world_completion_stats0B6_
FN:239,_RNCNvMNtCs6l7Ma75WKx0_17zwift_race_finder8databaseNtB4_8Database9get_route0B6_
FN:656,_RNCNvNtCs6l7Ma75WKx0_17zwift_race_finder8database17get_database_path0B5_
FN:97,_RNvMNtCs6l7Ma75WKx0_17zwift_race_finder8databaseNtB2_8Database13create_tables
FN:338,_RNvMNtCs6l7Ma75WKx0_17zwift_race_finder8databaseNtB2_8Database15add_race_result
FN:495,_RNvMNtCs6l7Ma75WKx0_17zwift_race_finder8databaseNtB2_8Database15get_rider_stats
FN:191,_RNvMNtCs6l7Ma75WKx0_17zwift_race_finder8databaseNtB2_8Database17seed_initial_data
FN:512,_RNvMNtCs6l7Ma75WKx0_17zwift_race_finder8databaseNtB2_8Database18get_multi_lap_info
FN:479,_RNvMNtCs6l7Ma75WKx0_17zwift_race_finder8databaseNtB2_8Database18get_unknown_routes
FN:603,_RNvMNtCs6l7Ma75WKx0_17zwift_race_finder8databaseNtB2_8Database18is_route_completed
FN:593,_RNvMNtCs6l7Ma75WKx0_17zwift_race_finder8databaseNtB2_8Database19mark_route_complete
FN:613,_RNvMNtCs6l7Ma75WKx0_17zwift_race_finder8databaseNtB2_8Database20get_completion_stats
FN:325,_RNvMNtCs6l7Ma75WKx0_17zwift_race_finder8databaseNtB2_8Database20record_unknown_route
FN:564,_RNvMNtCs6l7Ma75WKx0_17zwift_race_finder8databaseNtB2_8Database21save_discovered_route
FN:551,_RNvMNtCs6l7Ma75WKx0_17zwift_race_finder8databaseNtB2_8Database24record_discovery_attempt
FN:537,_RNvMNtCs6l7Ma75WKx0_17zwift_race_finder8databaseNtB2_8Database24should_attempt_discovery
FN:630,_RNvMNtCs6l7Ma75WKx0_17zwift_race_finder8databaseNtB2_8Database26get_world_completion_stats
FN:86,_RNvMNtCs6l7Ma75WKx0_17zwift_race_finder8databaseNtB2_8Database3new
FN:230,_RNvMNtCs6l7Ma75WKx0_17zwift_race_finder8databaseNtB2_8Database9get_route
FN:654,_RNvNtCs6l7Ma75WKx0_17zwift_race_finder8database17get_database_path
FN:421,_RNCNvMNtCs6l7Ma75WKx0_17zwift_race_finder8databaseNtB4_8Database14get_all_routes0B6_
FN:302,_RNCNvMNtCs6l7Ma75WKx0_17zwift_race_finder8databaseNtB4_8Database17get_route_by_name0B6_
FN:391,_RNCNvMNtCs6l7Ma75WKx0_17zwift_race_finder8databaseNtB4_8Database21get_average_race_time0B6_
FN:407,_RNCNvMNtCs6l7Ma75WKx0_17zwift_race_finder8databaseNtB4_8Database21get_average_race_times0_0B6_
FN:403,_RNCNvMNtCs6l7Ma75WKx0_17zwift_race_finder8databaseNtB4_8Database21get_average_race_times_0B6_
FN:364,_RNCNvMNtCs6l7Ma75WKx0_17zwift_race_finder8databaseNtB4_8Database26get_race_results_for_route0B6_
FN:412,_RNvMNtCs6l7Ma75WKx0_17zwift_race_finder8databaseNtB2_8Database14get_all_routes
FN:290,_RNvMNtCs6l7Ma75WKx0_17zwift_race_finder8databaseNtB2_8Database17get_route_by_name
FN:382,_RNvMNtCs6l7Ma75WKx0_17zwift_race_finder8databaseNtB2_8Database21get_average_race_time
FN:356,_RNvMNtCs6l7Ma75WKx0_17zwift_race_finder8databaseNtB2_8Database26get_race_results_for_route
FN:262,_RNvMNtCs6l7Ma75WKx0_17zwift_race_finder8databaseNtB2_8Database9add_route
FN:421,_RNCNvMNtCs2felTZli3Ur_17zwift_race_finder8databaseNtB4_8Database14get_all_routes0B6_
FN:499,_RNCNvMNtCs2felTZli3Ur_17zwift_race_finder8databaseNtB4_8Database15get_rider_stats0B6_
FN:302,_RNCNvMNtCs2felTZli3Ur_17zwift_race_finder8databaseNtB4_8Database17get_route_by_name0B6_
FN:517,_RNCNvMNtCs2felTZli3Ur_17zwift_race_finder8databaseNtB4_8Database18get_multi_lap_info0B6_
FN:530,_RNCNvMNtCs2felTZli3Ur_17zwift_race_finder8databaseNtB4_8Database18get_multi_lap_infos_0B6_
FN:486,_RNCNvMNtCs2felTZli3Ur_17zwift_race_finder8databaseNtB4_8Database18get_unknown_routes0B6_
FN:607,_RNCNvMNtCs2felTZli3Ur_17zwift_race_finder8databaseNtB4_8Database18is_route_completed0B6_
FN:451,_RNCNvMNtCs2felTZli3Ur_17zwift_race_finder8databaseNtB4_8Database20get_all_race_results0B6_
FN:617,_RNCNvMNtCs2felTZli3Ur_17zwift_race_finder8databaseNtB4_8Database20get_completion_stats0B6_
FN:623,_RNCNvMNtCs2felTZli3Ur_17zwift_race_finder8databaseNtB4_8Database20get_completion_statss_0B6_
FN:391,_RNCNvMNtCs2felTZli3Ur_17zwift_race_finder8databaseNtB4_8Database21get_average_race_time0B6_
FN:407,_RNCNvMNtCs2felTZli3Ur_17zwift_race_finder8databaseNtB4_8Database21get_average_race_times0_0B6_
FN:403,_RNCNvMNtCs2felTZli3Ur_17zwift_race_finder8databaseNtB4_8Database21get_average_race_times_0B6_
FN:543,_RNCNvMNtCs2felTZli3Ur_17zwift_race_finder8databaseNtB4_8Database24should_attempt_discovery0B6_
FN:641,_RNCNvMNtCs2felTZli3Ur_17zwift_race_finder8databaseNtB4_8Database26get_world_completion_stats0B6_
FN:412,_RNvMNtCs2felTZli3Ur_17zwift_race_finder8databaseNtB2_8Database14get_all_routes
FN:495,_RNvMNtCs2felTZli3Ur_17zwift_race_finder8databaseNtB2_8Database15get_rider_stats
FN:290,_RNvMNtCs2felTZli3Ur_17zwift_race_finder8databaseNtB2_8Database17get_route_by_name
FN:512,_RNvMNtCs2felTZli3Ur_17zwift_race_finder8databaseNtB2_8Database18get_multi_lap_info
FN:479,_RNvMNtCs2felTZli3Ur_17zwift_race_finder8databaseNtB2_8Database18get_unknown_routes
FN:603,_RNvMNtCs2felTZli3Ur_17zwift_race_finder8databaseNtB2_8Database18is_route_completed
FN:593,_RNvMNtCs2felTZli3Ur_17zwift_race_finder8databaseNtB2_8Database19mark_route_complete
FN:444,_RNvMNtCs2felTZli3Ur_17zwift_race_finder8databaseNtB2_8Database20get_all_race_results
FN:613,_RNvMNtCs2felTZli3Ur_17zwift_race_finder8databaseNtB2_8Database20get_completion_stats
FN:325,_RNvMNtCs2felTZli3Ur_17zwift_race_finder8databaseNtB2_8Database20record_unknown_route
FN:382,_RNvMNtCs2felTZli3Ur_17zwift_race_finder8databaseNtB2_8Database21get_average_race_time
FN:564,_RNvMNtCs2felTZli3Ur_17zwift_race_finder8databaseNtB2_8Database21save_discovered_route
FN:551,_RNvMNtCs2felTZli3Ur_17zwift_race_finder8databaseNtB2_8Database24record_discovery_attempt
FN:537,_RNvMNtCs2felTZli3Ur_17zwift_race_finder8databaseNtB2_8Database24should_attempt_discovery
FN:630,_RNvMNtCs2felTZli3Ur_17zwift_race_finder8databaseNtB2_8Database26get_world_completion_stats
FN:262,_RNvMNtCs2felTZli3Ur_17zwift_race_finder8databaseNtB2_8Database9add_route
FN:196,_RNCNvMNtCs2felTZli3Ur_17zwift_race_finder8databaseNtB4_8Database17seed_initial_data0B6_
FN:364,_RNCNvMNtCs2felTZli3Ur_17zwift_race_finder8databaseNtB4_8Database26get_race_results_for_route0B6_
FN:239,_RNCNvMNtCs2felTZli3Ur_17zwift_race_finder8databaseNtB4_8Database9get_route0B6_
FN:656,_RNCNvNtCs2felTZli3Ur_17zwift_race_finder8database17get_database_path0B5_
FN:669,_RNvNtNtCs2felTZli3Ur_17zwift_race_finder8database5testss_22test_database_creation
FN:681,_RNvNtNtCs2felTZli3Ur_17zwift_race_finder8database5testss_24test_race_result_storage
FN:97,_RNvMNtCs2felTZli3Ur_17zwift_race_finder8databaseNtB2_8Database13create_tables
FN:338,_RNvMNtCs2felTZli3Ur_17zwift_race_finder8databaseNtB2_8Database15add_race_result
FN:191,_RNvMNtCs2felTZli3Ur_17zwift_race_finder8databaseNtB2_8Database17seed_initial_data
FN:356,_RNvMNtCs2felTZli3Ur_17zwift_race_finder8databaseNtB2_8Database26get_race_results_for_route
FN:86,_RNvMNtCs2felTZli3Ur_17zwift_race_finder8databaseNtB2_8Database3new
FN:230,_RNvMNtCs2felTZli3Ur_17zwift_race_finder8databaseNtB2_8Database9get_route
FN:654,_RNvNtCs2felTZli3Ur_17zwift_race_finder8database17get_database_path
FNDA:0,_RNCNvMNtCs1kDST8A3VsF_17zwift_race_finder8databaseNtB4_8Database14get_all_routes0B6_
FNDA:0,_RNCNvMNtCs1kDST8A3VsF_17zwift_race_finder8databaseNtB4_8Database15get_rider_stats0B6_
FNDA:0,_RNCNvMNtCs1kDST8A3VsF_17zwift_race_finder8databaseNtB4_8Database17get_route_by_name0B6_
FNDA:0,_RNCNvMNtCs1kDST8A3VsF_17zwift_race_finder8databaseNtB4_8Database17seed_initial_data0B6_
FNDA:0,_RNCNvMNtCs1kDST8A3VsF_17zwift_race_finder8databaseNtB4_8Database18get_multi_lap_info0B6_
FNDA:0,_RNCNvMNtCs1kDST8A3VsF_17zwift_race_finder8databaseNtB4_8Database18get_multi_lap_infos_0B6_
FNDA:0,_RNCNvMNtCs1kDST8A3VsF_17zwift_race_finder8databaseNtB4_8Database18get_unknown_routes0B6_
FNDA:0,_RNCNvMNtCs1kDST8A3VsF_17zwift_race_finder8databaseNtB4_8Database18is_route_completed0B6_
FNDA:0,_RNCNvMNtCs1kDST8A3VsF_17zwift_race_finder8databaseNtB4_8Database20get_completion_stats0B6_
FNDA:0,_RNCNvMNtCs1kDST8A3VsF_17zwift_race_finder8databaseNtB4_8Database20get_completion_statss_0B6_
FNDA:0,_RNCNvMNtCs1kDST8A3VsF_17zwift_race_finder8databaseNtB4_8Database21get_average_race_time0B6_
FNDA:0,_RNCNvMNtCs1kDST8A3VsF_17zwift_race_finder8databaseNtB4_8Database21get_average_race_times0_0B6_
FNDA:0,_RNCNvMNtCs1kDST8A3VsF_17zwift_race_finder8databaseNtB4_8Database21get_average_race_times_0B6_
FNDA:0,_RNCNvMNtCs1kDST8A3VsF_17zwift_race_finder8databaseNtB4_8Database24should_attempt_discovery0B6_
FNDA:0,_RNCNvMNtCs1kDST8A3VsF_17zwift_race_finder8databaseNtB4_8Database26get_race_results_for_route0B6_
FNDA:0,_RNCNvMNtCs1kDST8A3VsF_17zwift_race_finder8databaseNtB4_8Database26get_world_completion_stats0B6_
FNDA:0,_RNCNvMNtCs1kDST8A3VsF_17zwift_race_finder8databaseNtB4_8Database9get_route0B6_
FNDA:0,_RNCNvNtCs1kDST8A3VsF_17zwift_race_finder8database17get_database_path0B5_
FNDA:0,_RNCNvMNtCsdY1tzCMfrk2_17zwift_race_finder8databaseNtB4_8Database17get_route_by_name0B6_
FNDA:0,_RNCNvMNtCsdY1tzCMfrk2_17zwift_race_finder8databaseNtB4_8Database18get_unknown_routes0B6_
FNDA:0,_RNCNvMNtCsdY1tzCMfrk2_17zwift_race_finder8databaseNtB4_8Database20get_completion_stats0B6_
FNDA:0,_RNCNvMNtCsdY1tzCMfrk2_17zwift_race_finder8databaseNtB4_8Database20get_completion_statss_0B6_
FNDA:0,_RNCNvMNtCsdY1tzCMfrk2_17zwift_race_finder8databaseNtB4_8Database21get_average_race_time0B6_
FNDA:0,_RNCNvMNtCsdY1tzCMfrk2_17zwift_race_finder8databaseNtB4_8Database21get_average_race_times0_0B6_
FNDA:0,_RNCNvMNtCsdY1tzCMfrk2_17zwift_race_finder8databaseNtB4_8Database21get_average_race_times_0B6_
FNDA:0,_RNCNvMNtCsdY1tzCMfrk2_17zwift_race_finder8databaseNtB4_8Database24should_attempt_discovery0B6_
FNDA:0,_RNCNvMNtCsdY1tzCMfrk2_17zwift_race_finder8databaseNtB4_8Database26get_world_completion_stats0B6_
FNDA:0,_RNvMNtCsdY1tzCMfrk2_17zwift_race_finder8databaseNtB2_8Database17get_route_by_name
FNDA:0,_RNvMNtCsdY1tzCMfrk2_17zwift_race_finder8databaseNtB2_8Database18get_unknown_routes
FNDA:0,_RNvMNtCsdY1tzCMfrk2_17zwift_race_finder8databaseNtB2_8Database19mark_route_complete
FNDA:0,_RNvMNtCsdY1tzCMfrk2_17zwift_race_finder8databaseNtB2_8Database20get_completion_stats
FNDA:0,_RNvMNtCsdY1tzCMfrk2_17zwift_race_finder8databaseNtB2_8Database21get_average_race_time
FNDA:0,_RNvMNtCsdY1tzCMfrk2_17zwift_race_finder8databaseNtB2_8Database21save_discovered_route
FNDA:0,_RNvMNtCsdY1tzCMfrk2_17zwift_race_finder8databaseNtB2_8Database24record_discovery_attempt
FNDA:0,_RNvMNtCsdY1tzCMfrk2_17zwift_race_finder8databaseNtB2_8Database24should_attempt_discovery
FNDA:0,_RNvMNtCsdY1tzCMfrk2_17zwift_race_finder8databaseNtB2_8Database26get_world_completion_stats
FNDA:0,_RNvMNtCsdY1tzCMfrk2_17zwift_race_finder8databaseNtB2_8Database9add_route
FNDA:480,_RNvMNtCsdY1tzCMfrk2_17zwift_race_finder8databaseNtB2_8Database13create_tables
FNDA:1,_RNvMNtCsdY1tzCMfrk2_17zwift_race_finder8databaseNtB2_8Database14get_all_routes
FNDA:1,_RNvMNtCsdY1tzCMfrk2_17zwift_race_finder8databaseNtB2_8Database15add_race_result
FNDA:111,_RNvMNtCsdY1tzCMfrk2_17zwift_race_finder8databaseNtB2_8Database15get_rider_stats
FNDA:480,_RNvMNtCsdY1tzCMfrk2_17zwift_race_finder8databaseNtB2_8Database17seed_initial_data
FNDA:103,_RNvMNtCsdY1tzCMfrk2_17zwift_race_finder8databaseNtB2_8Database18get_multi_lap_info
FNDA:0,_RNvMNtCsdY1tzCMfrk2_17zwift_race_finder8databaseNtB2_8Database18is_route_completed
FNDA:2,_RNvMNtCsdY1tzCMfrk2_17zwift_race_finder8databaseNtB2_8Database20get_all_race_results
FNDA:2,_RNvMNtCsdY1tzCMfrk2_17zwift_race_finder8databaseNtB2_8Database20record_unknown_route
FNDA:1,_RNvMNtCsdY1tzCMfrk2_17zwift_race_finder8databaseNtB2_8Database26get_race_results_for_route
FNDA:480,_RNvMNtCsdY1tzCMfrk2_17zwift_race_finder8databaseNtB2_8Database3new
FNDA:260,_RNvMNtCsdY1tzCMfrk2_17zwift_race_finder8databaseNtB2_8Database9get_route
FNDA:480,_RNvNtCsdY1tzCMfrk2_17zwift_race_finder8database17get_database_path
FNDA:274,_RNCNvMNtCsdY1tzCMfrk2_17zwift_race_finder8databaseNtB4_8Database14get_all_routes0B6_
FNDA:111,_RNCNvMNtCsdY1tzCMfrk2_17zwift_race_finder8databaseNtB4_8Database15get_rider_stats0B6_
FNDA:480,_RNCNvMNtCsdY1tzCMfrk2_17zwift_race_finder8databaseNtB4_8Database17seed_initial_data0B6_
FNDA:22,_RNCNvMNtCsdY1tzCMfrk2_17zwift_race_finder8databaseNtB4_8Database18get_multi_lap_info0B6_
FNDA:0,_RNCNvMNtCsdY1tzCMfrk2_17zwift_race_finder8databaseNtB4_8Database18get_multi_lap_infos_0B6_
FNDA:0,_RNCNvMNtCsdY1tzCMfrk2_17zwift_race_finder8databaseNtB4_8Database18is_route_completed0B6_
FNDA:450,_RNCNvMNtCsdY1tzCMfrk2_17zwift_race_finder8databaseNtB4_8Database20get_all_race_results0B6_
FNDA:63,_RNCNvMNtCsdY1tzCMfrk2_17zwift_race_finder8databaseNtB4_8Database26get_race_results_for_route0B6_
FNDA:237,_RNCNvMNtCsdY1tzCMfrk2_17zwift_race_finder8databaseNtB4_8Database9get_route0B6_
FNDA:0,_RNCNvNtCsdY1tzCMfrk2_17zwift_race_finder8database17get_database_path0B5_
FNDA:1,_RNvNtNtCsdY1tzCMfrk2_17zwift_race_finder8database5testss_22test_database_creation
FNDA:1,_RNvNtNtCsdY1tzCMfrk2_17zwift_race_finder8database5testss_24test_race_result_storage
FNDA:0,_RNCNvMNtCs6l7Ma75WKx0_17zwift_race_finder8databaseNtB4_8Database15get_rider_stats0B6_
FNDA:0,_RNCNvMNtCs6l7Ma75WKx0_17zwift_race_finder8databaseNtB4_8Database17seed_initial_data0B6_
FNDA:0,_RNCNvMNtCs6l7Ma75WKx0_17zwift_race_finder8databaseNtB4_8Database18get_multi_lap_info0B6_
FNDA:0,_RNCNvMNtCs6l7Ma75WKx0_17zwift_race_finder8databaseNtB4_8Database18get_multi_lap_infos_0B6_
FNDA:0,_RNCNvMNtCs6l7Ma75WKx0_17zwift_race_finder8databaseNtB4_8Database18get_unknown_routes0B6_
FNDA:0,_RNCNvMNtCs6l7Ma75WKx0_17zwift_race_finder8databaseNtB4_8Database18is_route_completed0B6_
FNDA:0,_RNCNvMNtCs6l7Ma75WKx0_17zwift_race_finder8databaseNtB4_8Database20get_completion_stats0B6_
FNDA:0,_RNCNvMNtCs6l7Ma75WKx0_17zwift_race_finder8databaseNtB4_8Database20get_completion_statss_0B6_
FNDA:0,_RNCNvMNtCs6l7Ma75WKx0_17zwift_race_finder8databaseNtB4_8Database24should_attempt_discovery0B6_
FNDA:0,_RNCNvMNtCs6l7Ma75WKx0_17zwift_race_finder8databaseNtB4_8Database26get_world_completion_stats0B6_
FNDA:0,_RNCNvMNtCs6l7Ma75WKx0_17zwift_race_finder8databaseNtB4_8Database9get_route0B6_
FNDA:0,_RNCNvNtCs6l7Ma75WKx0_17zwift_race_finder8database17get_database_path0B5_
FNDA:0,_RNvMNtCs6l7Ma75WKx0_17zwift_race_finder8databaseNtB2_8Database13create_tables
FNDA:0,_RNvMNtCs6l7Ma75WKx0_17zwift_race_finder8databaseNtB2_8Database15add_race_result
FNDA:0,_RNvMNtCs6l7Ma75WKx0_17zwift_race_finder8databaseNtB2_8Database15get_rider_stats
FNDA:0,_RNvMNtCs6l7Ma75WKx0_17zwift_race_finder8databaseNtB2_8Database17seed_initial_data
FNDA:0,_RNvMNtCs6l7Ma75WKx0_17zwift_race_finder8databaseNtB2_8Database18get_multi_lap_info
FNDA:0,_RNvMNtCs6l7Ma75WKx0_17zwift_race_finder8databaseNtB2_8Database18get_unknown_routes
FNDA:0,_RNvMNtCs6l7Ma75WKx0_17zwift_race_finder8databaseNtB2_8Database18is_route_completed
FNDA:0,_RNvMNtCs6l7Ma75WKx0_17zwift_race_finder8databaseNtB2_8Database19mark_route_complete
FNDA:0,_RNvMNtCs6l7Ma75WKx0_17zwift_race_finder8databaseNtB2_8Database20get_completion_stats
FNDA:0,_RNvMNtCs6l7Ma75WKx0_17zwift_race_finder8databaseNtB2_8Database20record_unknown_route
FNDA:0,_RNvMNtCs6l7Ma75WKx0_17zwift_race_finder8databaseNtB2_8Database21save_discovered_route
FNDA:0,_RNvMNtCs6l7Ma75WKx0_17zwift_race_finder8databaseNtB2_8Database24record_discovery_attempt
FNDA:0,_RNvMNtCs6l7Ma75WKx0_17zwift_race_finder8databaseNtB2_8Database24should_attempt_discovery
FNDA:0,_RNvMNtCs6l7Ma75WKx0_17zwift_race_finder8databaseNtB2_8Database26get_world_completion_stats
FNDA:0,_RNvMNtCs6l7Ma75WKx0_17zwift_race_finder8databaseNtB2_8Database3new
FNDA:0,_RNvMNtCs6l7Ma75WKx0_17zwift_race_finder8databaseNtB2_8Database9get_route
FNDA:0,_RNvNtCs6l7Ma75WKx0_17zwift_race_finder8database17get_database_path
FNDA:0,_RNCNvMNtCs6l7Ma75WKx0_17zwift_race_finder8databaseNtB4_8Database14get_all_routes0B6_
FNDA:0,_RNCNvMNtCs6l7Ma75WKx0_17zwift_race_finder8databaseNtB4_8Database17get_route_by_name0B6_
FNDA:0,_RNCNvMNtCs6l7Ma75WKx0_17zwift_race_finder8databaseNtB4_8Database21get_average_race_time0B6_
FNDA:0,_RNCNvMNtCs6l7Ma75WKx0_17zwift_race_finder8databaseNtB4_8Database21get_average_race_times0_0B6_
FNDA:0,_RNCNvMNtCs6l7Ma75WKx0_17zwift_race_finder8databaseNtB4_8Database21get_average_race_times_0B6_
FNDA:0,_RNCNvMNtCs6l7Ma75WKx0_17zwift_race_finder8databaseNtB4_8Database26get_race_results_for_route0B6_
FNDA:0,_RNvMNtCs6l7Ma75WKx0_17zwift_race_finder8databaseNtB2_8Database14get_all_routes
FNDA:0,_RNvMNtCs6l7Ma75WKx0_17zwift_race_finder8databaseNtB2_8Database17get_route_by_name
FNDA:0,_RNvMNtCs6l7Ma75WKx0_17zwift_race_finder8databaseNtB2_8Database21get_average_race_time
FNDA:0,_RNvMNtCs6l7Ma75WKx0_17zwift_race_finder8databaseNtB2_8Database26get_race_results_for_route
FNDA:0,_RNvMNtCs6l7Ma75WKx0_17zwift_race_finder8databaseNtB2_8Database9add_route
FNDA:0,_RNCNvMNtCs2felTZli3Ur_17zwift_race_finder8databaseNtB4_8Database14get_all_routes0B6_
FNDA:0,_RNCNvMNtCs2felTZli3Ur_17zwift_race_finder8databaseNtB4_8Database15get_rider_stats0B6_
FNDA:0,_RNCNvMNtCs2felTZli3Ur_17zwift_race_finder8databaseNtB4_8Database17get_route_by_name0B6_
FNDA:0,_RNCNvMNtCs2felTZli3Ur_17zwift_race_finder8databaseNtB4_8Database18get_multi_lap_info0B6_
FNDA:0,_RNCNvMNtCs2felTZli3Ur_17zwift_race_finder8databaseNtB4_8Database18get_multi_lap_infos_0B6_
FNDA:0,_RNCNvMNtCs2felTZli3Ur_17zwift_race_finder8databaseNtB4_8Database18get_unknown_routes0B6_
FNDA:0,_RNCNvMNtCs2felTZli3Ur_17zwift_race_finder8databaseNtB4_8Database18is_route_completed0B6_
FNDA:0,_RNCNvMNtCs2felTZli3Ur_17zwift_race_finder8databaseNtB4_8Database20get_all_race_results0B6_
FNDA:0,_RNCNvMNtCs2felTZli3Ur_17zwift_race_finder8databaseNtB4_8Database20get_completion_stats0B6_
FNDA:0,_RNCNvMNtCs2felTZli3Ur_17zwift_race_finder8databaseNtB4_8Database20get_completion_statss_0B6_
FNDA:0,_RNCNvMNtCs2felTZli3Ur_17zwift_race_finder8databaseNtB4_8Database21get_average_race_time0B6_
FNDA:0,_RNCNvMNtCs2felTZli3Ur_17zwift_race_finder8databaseNtB4_8Database21get_average_race_times0_0B6_
FNDA:0,_RNCNvMNtCs2felTZli3Ur_17zwift_race_finder8databaseNtB4_8Database21get_average_race_times_0B6_
FNDA:0,_RNCNvMNtCs2felTZli3Ur_17zwift_race_finder8databaseNtB4_8Database24should_attempt_discovery0B6_
FNDA:0,_RNCNvMNtCs2felTZli3Ur_17zwift_race_finder8databaseNtB4_8Database26get_world_completion_stats0B6_
FNDA:0,_RNvMNtCs2felTZli3Ur_17zwift_race_finder8databaseNtB2_8Database14get_all_routes
FNDA:0,_RNvMNtCs2felTZli3Ur_17zwift_race_finder8databaseNtB2_8Database15get_rider_stats
FNDA:0,_RNvMNtCs2felTZli3Ur_17zwift_race_finder8databaseNtB2_8Database17get_route_by_name
FNDA:0,_RNvMNtCs2felTZli3Ur_17zwift_race_finder8databaseNtB2_8Database18get_multi_lap_info
FNDA:0,_RNvMNtCs2felTZli3Ur_17zwift_race_finder8databaseNtB2_8Database18get_unknown_routes
FNDA:0,_RNvMNtCs2felTZli3Ur_17zwift_race_finder8databaseNtB2_8Database18is_route_completed
FNDA:0,_RNvMNtCs2felTZli3Ur_17zwift_race_finder8databaseNtB2_8Database19mark_route_complete
FNDA:0,_RNvMNtCs2felTZli3Ur_17zwift_race_finder8databaseNtB2_8Database20get_all_race_results
FNDA:0,_RNvMNtCs2felTZli3Ur_17zwift_race_finder8databaseNtB2_8Database20get_completion_stats
FNDA:0,_RNvMNtCs2felTZli3Ur_17zwift_race_finder8databaseNtB2_8Database20record_unknown_route
FNDA:0,_RNvMNtCs2felTZli3Ur_17zwift_race_finder8databaseNtB2_8Database21get_average_race_time
FNDA:0,_RNvMNtCs2felTZli3Ur_17zwift_race_finder8databaseNtB2_8Database21save_discovered_route
FNDA:0,_RNvMNtCs2felTZli3Ur_17zwift_race_finder8databaseNtB2_8Database24record_discovery_attempt
FNDA:0,_RNvMNtCs2felTZli3Ur_17zwift_race_finder8databaseNtB2_8Database24should_attempt_discovery
FNDA:0,_RNvMNtCs2felTZli3Ur_17zwift_race_finder8databaseNtB2_8Database26get_world_completion_stats
FNDA:0,_RNvMNtCs2felTZli3Ur_17zwift_race_finder8databaseNtB2_8Database9add_route
FNDA:2,_RNCNvMNtCs2felTZli3Ur_17zwift_race_finder8databaseNtB4_8Database17seed_initial_data0B6_
FNDA:62,_RNCNvMNtCs2felTZli3Ur_17zwift_race_finder8databaseNtB4_8Database26get_race_results_for_route0B6_
FNDA:1,_RNCNvMNtCs2felTZli3Ur_17zwift_race_finder8databaseNtB4_8Database9get_route0B6_
FNDA:0,_RNCNvNtCs2felTZli3Ur_17zwift_race_finder8database17get_database_path0B5_
FNDA:1,_RNvNtNtCs2felTZli3Ur_17zwift_race_finder8database5testss_22test_database_creation
FNDA:1,_RNvNtNtCs2felTZli3Ur_17zwift_race_finder8database5testss_24test_race_result_storage
FNDA:2,_RNvMNtCs2felTZli3Ur_17zwift_race_finder8databaseNtB2_8Database13create_tables
FNDA:1,_RNvMNtCs2felTZli3Ur_17zwift_race_finder8databaseNtB2_8Database15add_race_result
FNDA:2,_RNvMNtCs2felTZli3Ur_17zwift_race_finder8databaseNtB2_8Database17seed_initial_data
FNDA:1,_RNvMNtCs2felTZli3Ur_17zwift_race_finder8databaseNtB2_8Database26get_race_results_for_route
FNDA:2,_RNvMNtCs2felTZli3Ur_17zwift_race_finder8databaseNtB2_8Database3new
FNDA:1,_RNvMNtCs2felTZli3Ur_17zwift_race_finder8databaseNtB2_8Database9get_route
FNDA:2,_RNvNtCs2felTZli3Ur_17zwift_race_finder8database17get_database_path
FNF:44
FNH:21
DA:86,482
DA:87,482
DA:88,482
DA:90,482
DA:91,482
DA:92,482
DA:94,482
DA:95,482
DA:97,482
DA:98,482
DA:99,482
DA:100,482
DA:101,482
DA:102,482
DA:103,482
DA:104,482
DA:105,482
DA:106,482
DA:107,482
DA:108,482
DA:109,482
DA:110,482
DA:111,482
DA:112,482
DA:113,482
DA:114,482
DA:115,482
DA:116,482
DA:117,482
DA:118,482
DA:121,482
DA:122,482
DA:123,482
DA:124,482
DA:125,482
DA:126,482
DA:127,482
DA:128,482
DA:129,482
DA:130,482
DA:131,482
DA:132,482
DA:133,482
DA:134,482
DA:137,482
DA:138,482
DA:139,482
DA:140,482
DA:141,482
DA:142,482
DA:143,482
DA:144,482
DA:145,482
DA:146,482
DA:149,482
DA:150,482
DA:151,482
DA:152,482
DA:153,482
DA:154,482
DA:155,482
DA:156,482
DA:157,482
DA:158,482
DA:161,482
DA:162,482
DA:163,482
DA:164,482
DA:165,482
DA:166,482
DA:167,482
DA:168,482
DA:169,482
DA:170,482
DA:173,482
DA:174,482
DA:175,482
DA:176,482
DA:177,482
DA:178,482
DA:179,482
DA:180,482
DA:181,482
DA:182,482
DA:183,482
DA:184,482
DA:185,482
DA:186,482
DA:188,482
DA:189,482
DA:191,482
DA:193,482
DA:194,482
DA:195,482
DA:196,482
DA:197,482
DA:199,482
DA:200,482
DA:201,0
DA:202,0
DA:203,0
DA:204,0
DA:205,0
DA:206,0
DA:207,0
DA:208,0
DA:209,0
DA:210,0
DA:211,0
DA:212,0
DA:213,0
DA:214,0
DA:215,0
DA:217,0
DA:218,0
DA:219,0
DA:220,0
DA:221,0
DA:222,0
DA:223,0
DA:226,0
DA:227,482
DA:230,261
DA:231,261
DA:232,261
DA:233,261
DA:234,261
DA:235,261
DA:236,261
DA:237,261
DA:239,261
DA:240,238
DA:241,238
DA:242,238
DA:243,238
DA:244,238
DA:245,238
DA:246,238
DA:247,238
DA:248,238
DA:249,238
DA:250,238
DA:251,238
DA:252,238
DA:253,238
DA:255,261
DA:257,261
DA:258,261
DA:262,0
DA:263,0
DA:264,0
DA:265,0
DA:266,0
DA:267,0
DA:268,0
DA:269,0
DA:270,0
DA:271,0
DA:272,0
DA:273,0
DA:274,0
DA:275,0
DA:276,0
DA:277,0
DA:278,0
DA:279,0
DA:280,0
DA:281,0
DA:282,0
DA:283,0
DA:284,0
DA:285,0
DA:286,0
DA:290,0
DA:291,0
DA:292,0
DA:293,0
DA:294,0
DA:295,0
DA:296,0
DA:297,0
DA:298,0
DA:299,0
DA:301,0
DA:302,0
DA:303,0
DA:304,0
DA:305,0
DA:306,0
DA:307,0
DA:308,0
DA:309,0
DA:310,0
DA:311,0
DA:312,0
DA:313,0
DA:314,0
DA:315,0
DA:316,0
DA:318,0
DA:319,0
DA:321,0
DA:322,0
DA:325,2
DA:326,2
DA:327,2
DA:328,2
DA:329,2
DA:330,2
DA:331,2
DA:332,2
DA:333,2
DA:334,2
DA:335,2
DA:338,2
DA:339,2
DA:340,2
DA:341,2
DA:342,2
DA:343,2
DA:344,2
DA:345,2
DA:346,2
DA:347,2
DA:348,2
DA:349,2
DA:350,2
DA:351,2
DA:352,2
DA:356,2
DA:357,2
DA:358,2
DA:359,2
DA:360,2
DA:361,2
DA:362,2
DA:364,125
DA:365,125
DA:366,125
DA:367,125
DA:368,125
DA:369,125
DA:370,125
DA:371,125
DA:372,125
DA:374,125
DA:375,2
DA:377,2
DA:378,2
DA:382,0
DA:385,0
DA:386,0
DA:387,0
DA:388,0
DA:389,0
DA:390,0
DA:391,0
DA:392,0
DA:395,0
DA:396,0
DA:398,0
DA:399,0
DA:400,0
DA:401,0
DA:402,0
DA:403,0
DA:404,0
DA:407,0
DA:408,0
DA:412,1
DA:413,1
DA:414,1
DA:415,1
DA:416,1
DA:417,1
DA:418,1
DA:419,1
DA:421,274
DA:422,274
DA:423,274
DA:424,274
DA:425,274
DA:426,274
DA:427,274
DA:428,274
DA:429,274
DA:430,274
DA:431,274
DA:432,274
DA:433,274
DA:434,274
DA:435,274
DA:437,274
DA:439,1
DA:440,1
DA:444,2
DA:445,2
DA:446,2
DA:447,2
DA:448,2
DA:449,2
DA:451,450
DA:452,450
DA:453,450
DA:454,450
DA:455,450
DA:458,0
DA:459,0
DA:464,450
DA:465,450
DA:466,450
DA:467,450
DA:468,450
DA:469,450
DA:470,450
DA:472,450
DA:473,2
DA:475,2
DA:476,2
DA:479,0
DA:480,0
DA:481,0
DA:482,0
DA:483,0
DA:484,0
DA:486,0
DA:487,0
DA:488,0
DA:489,0
DA:491,0
DA:492,0
DA:495,111
DA:496,111
DA:497,111
DA:498,111
DA:499,111
DA:500,111
DA:501,111
DA:502,111
DA:503,111
DA:505,111
DA:506,111
DA:508,111
DA:509,111
DA:512,103
DA:514,103
DA:515,103
DA:516,103
DA:517,103
DA:518,103
DA:520,103
DA:521,22
DA:522,81
DA:525,81
DA:526,81
DA:527,81
DA:528,81
DA:529,81
DA:530,81
DA:531,81
DA:533,81
DA:534,103
DA:537,0
DA:538,0
DA:539,0
DA:540,0
DA:541,0
DA:542,0
DA:543,0
DA:544,0
DA:547,0
DA:548,0
DA:551,0
DA:552,0
DA:553,0
DA:554,0
DA:555,0
DA:556,0
DA:557,0
DA:558,0
DA:559,0
DA:560,0
DA:561,0
DA:564,0
DA:565,0
DA:566,0
DA:567,0
DA:568,0
DA:569,0
DA:570,0
DA:571,0
DA:572,0
DA:573,0
DA:576,0
DA:577,0
DA:578,0
DA:579,0
DA:580,0
DA:581,0
DA:582,0
DA:583,0
DA:584,0
DA:585,0
DA:586,0
DA:588,0
DA:589,0
DA:593,0
DA:594,0
DA:595,0
DA:596,0
DA:597,0
DA:598,0
DA:599,0
DA:600,0
DA:603,0
DA:604,0
DA:605,0
DA:606,0
DA:607,0
DA:608,0
DA:609,0
DA:610,0
DA:613,0
DA:614,0
DA:615,0
DA:616,0
DA:617,0
DA:618,0
DA:620,0
DA:621,0
DA:622,0
DA:623,0
DA:624,0
DA:626,0
DA:627,0
DA:630,0
DA:631,0
DA:632,0
DA:633,0
DA:634,0
DA:635,0
DA:636,0
DA:637,0
DA:638,0
DA:639,0
DA:641,0
DA:642,0
DA:643,0
DA:644,0
DA:645,0
DA:647,0
DA:648,0
DA:650,0
DA:651,0
DA:654,482
DA:655,482
DA:656,482
DA:657,482
DA:658,482
DA:659,482
DA:660,482
DA:661,482
DA:669,2
DA:670,2
DA:671,2
DA:672,2
DA:673,2
DA:674,2
DA:675,2
DA:676,2
DA:677,2
DA:678,2
DA:681,2
DA:682,2
DA:683,2
DA:684,2
DA:685,2
DA:686,2
DA:687,2
DA:688,2
DA:689,2
DA:690,2
DA:691,2
DA:692,2
DA:693,2
DA:694,2
DA:695,2
DA:696,2
DA:697,2
DA:698,2
DA:699,2
BRF:0
BRH:0
LF:518
LH:299
end_of_record
SF:/home/jack/tools/rust/zwift-race-finder/src/main.rs
FN:1460,_RNCNCNvCsdY1tzCMfrk2_17zwift_race_finder11print_events_00B5_
FN:814,_RNCNCNvCsdY1tzCMfrk2_17zwift_race_finder14get_user_stats00B5_
FN:1797,_RNCNCNvCsdY1tzCMfrk2_17zwift_race_finder23discover_unknown_routes00B5_
FN:2032,_RNCNCNvCsdY1tzCMfrk2_17zwift_race_finder26analyze_event_descriptions00B5_
FN:2214,_RNCNCNvCsdY1tzCMfrk2_17zwift_race_finder4main00B5_
FN:2246,_RNCNCNvCsdY1tzCMfrk2_17zwift_race_finder4main0s0_0B5_
FN:2254,_RNCNCNvCsdY1tzCMfrk2_17zwift_race_finder4main0s1_0B5_
FN:2278,_RNCNCNvCsdY1tzCMfrk2_17zwift_race_finder4main0s2_0B5_
FN:2284,_RNCNCNvCsdY1tzCMfrk2_17zwift_race_finder4main0s3_0B5_
FN:2313,_RNCNCNvCsdY1tzCMfrk2_17zwift_race_finder4main0s4_0B5_
FN:2218,_RNCNCNvCsdY1tzCMfrk2_17zwift_race_finder4main0s_0B5_
FN:1458,_RNCNvCsdY1tzCMfrk2_17zwift_race_finder11print_event0B3_
FN:1463,_RNCNvCsdY1tzCMfrk2_17zwift_race_finder11print_events0_0B3_
FN:1466,_RNCNvCsdY1tzCMfrk2_17zwift_race_finder11print_events1_0B3_
FN:1483,_RNCNvCsdY1tzCMfrk2_17zwift_race_finder11print_events2_0B3_
FN:1489,_RNCNvCsdY1tzCMfrk2_17zwift_race_finder11print_events3_0B3_
FN:1494,_RNCNvCsdY1tzCMfrk2_17zwift_race_finder11print_events4_0B3_
FN:1563,_RNCNvCsdY1tzCMfrk2_17zwift_race_finder11print_events5_0B3_
FN:1565,_RNCNvCsdY1tzCMfrk2_17zwift_race_finder11print_events6_0B3_
FN:1595,_RNCNvCsdY1tzCMfrk2_17zwift_race_finder11print_events7_0B3_
FN:1460,_RNCNvCsdY1tzCMfrk2_17zwift_race_finder11print_events_0B3_
FN:819,_RNCNvCsdY1tzCMfrk2_17zwift_race_finder12fetch_events0B3_
FN:798,_RNCNvCsdY1tzCMfrk2_17zwift_race_finder14get_user_stats0B3_
FN:1249,_RNCNvCsdY1tzCMfrk2_17zwift_race_finder18print_events_table0B3_
FN:1251,_RNCNvCsdY1tzCMfrk2_17zwift_race_finder18print_events_tables0_0B3_
FN:1252,_RNCNvCsdY1tzCMfrk2_17zwift_race_finder18print_events_tables1_0B3_
FN:1253,_RNCNvCsdY1tzCMfrk2_17zwift_race_finder18print_events_tables2_0B3_
FN:1250,_RNCNvCsdY1tzCMfrk2_17zwift_race_finder18print_events_tables_0B3_
FN:1922,_RNCNvCsdY1tzCMfrk2_17zwift_race_finder18record_race_result0B3_
FN:1924,_RNCNvCsdY1tzCMfrk2_17zwift_race_finder18record_race_results_0B3_
FN:701,_RNCNvCsdY1tzCMfrk2_17zwift_race_finder22fetch_zwiftpower_stats0B3_
FN:1787,_RNCNvCsdY1tzCMfrk2_17zwift_race_finder23discover_unknown_routes0B3_
FN:752,_RNCNvCsdY1tzCMfrk2_17zwift_race_finder23fetch_zwiftpower_public0B3_
FN:1981,_RNCNvCsdY1tzCMfrk2_17zwift_race_finder26analyze_event_descriptions0B3_
FN:2113,_RNCNvCsdY1tzCMfrk2_17zwift_race_finder4main0B3_
FN:36,_RNCNvXs0_CsdY1tzCMfrk2_17zwift_race_finderNtB7_4ArgsNtNtCs89j6SmNId1d_12clap_builder6derive14FromArgMatches20from_arg_matches_mut0B7_
FN:44,_RNCNvXs0_CsdY1tzCMfrk2_17zwift_race_finderNtB7_4ArgsNtNtCs89j6SmNId1d_12clap_builder6derive14FromArgMatches20from_arg_matches_muts0_0B7_
FN:48,_RNCNvXs0_CsdY1tzCMfrk2_17zwift_race_finderNtB7_4ArgsNtNtCs89j6SmNId1d_12clap_builder6derive14FromArgMatches20from_arg_matches_muts1_0B7_
FN:56,_RNCNvXs0_CsdY1tzCMfrk2_17zwift_race_finderNtB7_4ArgsNtNtCs89j6SmNId1d_12clap_builder6derive14FromArgMatches20from_arg_matches_muts2_0B7_
FN:60,_RNCNvXs0_CsdY1tzCMfrk2_17zwift_race_finderNtB7_4ArgsNtNtCs89j6SmNId1d_12clap_builder6derive14FromArgMatches20from_arg_matches_muts3_0B7_
FN:64,_RNCNvXs0_CsdY1tzCMfrk2_17zwift_race_finderNtB7_4ArgsNtNtCs89j6SmNId1d_12clap_builder6derive14FromArgMatches20from_arg_matches_muts4_0B7_
FN:72,_RNCNvXs0_CsdY1tzCMfrk2_17zwift_race_finderNtB7_4ArgsNtNtCs89j6SmNId1d_12clap_builder6derive14FromArgMatches20from_arg_matches_muts5_0B7_
FN:76,_RNCNvXs0_CsdY1tzCMfrk2_17zwift_race_finderNtB7_4ArgsNtNtCs89j6SmNId1d_12clap_builder6derive14FromArgMatches20from_arg_matches_muts6_0B7_
FN:80,_RNCNvXs0_CsdY1tzCMfrk2_17zwift_race_finderNtB7_4ArgsNtNtCs89j6SmNId1d_12clap_builder6derive14FromArgMatches20from_arg_matches_muts7_0B7_
FN:88,_RNCNvXs0_CsdY1tzCMfrk2_17zwift_race_finderNtB7_4ArgsNtNtCs89j6SmNId1d_12clap_builder6derive14FromArgMatches20from_arg_matches_muts8_0B7_
FN:92,_RNCNvXs0_CsdY1tzCMfrk2_17zwift_race_finderNtB7_4ArgsNtNtCs89j6SmNId1d_12clap_builder6derive14FromArgMatches20from_arg_matches_muts9_0B7_
FN:40,_RNCNvXs0_CsdY1tzCMfrk2_17zwift_race_finderNtB7_4ArgsNtNtCs89j6SmNId1d_12clap_builder6derive14FromArgMatches20from_arg_matches_muts_0B7_
FN:96,_RNCNvXs0_CsdY1tzCMfrk2_17zwift_race_finderNtB7_4ArgsNtNtCs89j6SmNId1d_12clap_builder6derive14FromArgMatches20from_arg_matches_mutsa_0B7_
FN:36,_RNCNvXs0_CsdY1tzCMfrk2_17zwift_race_finderNtB7_4ArgsNtNtCs89j6SmNId1d_12clap_builder6derive14FromArgMatches27update_from_arg_matches_mut0B7_
FN:44,_RNCNvXs0_CsdY1tzCMfrk2_17zwift_race_finderNtB7_4ArgsNtNtCs89j6SmNId1d_12clap_builder6derive14FromArgMatches27update_from_arg_matches_muts0_0B7_
FN:48,_RNCNvXs0_CsdY1tzCMfrk2_17zwift_race_finderNtB7_4ArgsNtNtCs89j6SmNId1d_12clap_builder6derive14FromArgMatches27update_from_arg_matches_muts1_0B7_
FN:56,_RNCNvXs0_CsdY1tzCMfrk2_17zwift_race_finderNtB7_4ArgsNtNtCs89j6SmNId1d_12clap_builder6derive14FromArgMatches27update_from_arg_matches_muts2_0B7_
FN:60,_RNCNvXs0_CsdY1tzCMfrk2_17zwift_race_finderNtB7_4ArgsNtNtCs89j6SmNId1d_12clap_builder6derive14FromArgMatches27update_from_arg_matches_muts3_0B7_
FN:64,_RNCNvXs0_CsdY1tzCMfrk2_17zwift_race_finderNtB7_4ArgsNtNtCs89j6SmNId1d_12clap_builder6derive14FromArgMatches27update_from_arg_matches_muts4_0B7_
FN:72,_RNCNvXs0_CsdY1tzCMfrk2_17zwift_race_finderNtB7_4ArgsNtNtCs89j6SmNId1d_12clap_builder6derive14FromArgMatches27update_from_arg_matches_muts5_0B7_
FN:76,_RNCNvXs0_CsdY1tzCMfrk2_17zwift_race_finderNtB7_4ArgsNtNtCs89j6SmNId1d_12clap_builder6derive14FromArgMatches27update_from_arg_matches_muts6_0B7_
FN:80,_RNCNvXs0_CsdY1tzCMfrk2_17zwift_race_finderNtB7_4ArgsNtNtCs89j6SmNId1d_12clap_builder6derive14FromArgMatches27update_from_arg_matches_muts7_0B7_
FN:88,_RNCNvXs0_CsdY1tzCMfrk2_17zwift_race_finderNtB7_4ArgsNtNtCs89j6SmNId1d_12clap_builder6derive14FromArgMatches27update_from_arg_matches_muts8_0B7_
FN:92,_RNCNvXs0_CsdY1tzCMfrk2_17zwift_race_finderNtB7_4ArgsNtNtCs89j6SmNId1d_12clap_builder6derive14FromArgMatches27update_from_arg_matches_muts9_0B7_
FN:40,_RNCNvXs0_CsdY1tzCMfrk2_17zwift_race_finderNtB7_4ArgsNtNtCs89j6SmNId1d_12clap_builder6derive14FromArgMatches27update_from_arg_matches_muts_0B7_
FN:96,_RNCNvXs0_CsdY1tzCMfrk2_17zwift_race_finderNtB7_4ArgsNtNtCs89j6SmNId1d_12clap_builder6derive14FromArgMatches27update_from_arg_matches_mutsa_0B7_
FN:1402,_RNvCsdY1tzCMfrk2_17zwift_race_finder11print_event
FN:819,_RNvCsdY1tzCMfrk2_17zwift_race_finder12fetch_events
FN:798,_RNvCsdY1tzCMfrk2_17zwift_race_finder14get_user_stats
FN:1229,_RNvCsdY1tzCMfrk2_17zwift_race_finder18print_events_table
FN:1914,_RNvCsdY1tzCMfrk2_17zwift_race_finder18record_race_result
FN:2055,_RNvCsdY1tzCMfrk2_17zwift_race_finder19mark_route_complete
FN:2075,_RNvCsdY1tzCMfrk2_17zwift_race_finder19show_route_progress
FN:1760,_RNvCsdY1tzCMfrk2_17zwift_race_finder19show_unknown_routes
FN:701,_RNvCsdY1tzCMfrk2_17zwift_race_finder22fetch_zwiftpower_stats
FN:1787,_RNvCsdY1tzCMfrk2_17zwift_race_finder23discover_unknown_routes
FN:752,_RNvCsdY1tzCMfrk2_17zwift_race_finder23fetch_zwiftpower_public
FN:1981,_RNvCsdY1tzCMfrk2_17zwift_race_finder26analyze_event_descriptions
FN:2113,_RNvCsdY1tzCMfrk2_17zwift_race_finder4main
FN:124,_RNvCsdY1tzCMfrk2_17zwift_race_finder13default_sport
FN:839,_RNvCsdY1tzCMfrk2_17zwift_race_finder13filter_events
FN:647,_RNvCsdY1tzCMfrk2_17zwift_race_finder14get_cache_file
FN:288,_RNvCsdY1tzCMfrk2_17zwift_race_finder14get_route_data
FN:1106,_RNvCsdY1tzCMfrk2_17zwift_race_finder15format_duration
FN:411,_RNvCsdY1tzCMfrk2_17zwift_race_finder15parse_lap_count
FN:450,_RNvCsdY1tzCMfrk2_17zwift_race_finder17format_event_type
FN:767,_RNvCsdY1tzCMfrk2_17zwift_race_finder17load_cached_stats
FN:1174,_RNvCsdY1tzCMfrk2_17zwift_race_finder17log_unknown_route
FN:1312,_RNvCsdY1tzCMfrk2_17zwift_race_finder17prepare_event_row
FN:786,_RNvCsdY1tzCMfrk2_17zwift_race_finder17save_cached_stats
FN:421,_RNvCsdY1tzCMfrk2_17zwift_race_finder18find_user_subgroup
FN:255,_RNvCsdY1tzCMfrk2_17zwift_race_finder18get_category_speed
FN:436,_RNvCsdY1tzCMfrk2_17zwift_race_finder20count_events_by_type
FN:1113,_RNvCsdY1tzCMfrk2_17zwift_race_finder20display_filter_stats
FN:128,_RNvCsdY1tzCMfrk2_17zwift_race_finder21is_racing_score_event
FN:279,_RNvCsdY1tzCMfrk2_17zwift_race_finder22get_route_data_from_db
FN:141,_RNvCsdY1tzCMfrk2_17zwift_race_finder22parse_description_data
FN:245,_RNvCsdY1tzCMfrk2_17zwift_race_finder23get_category_from_score
FN:484,_RNvCsdY1tzCMfrk2_17zwift_race_finder24parse_distance_from_name
FN:502,_RNvCsdY1tzCMfrk2_17zwift_race_finder27estimate_distance_from_name
FN:656,_RNvCsdY1tzCMfrk2_17zwift_race_finder27generate_filter_description
FN:635,_RNvCsdY1tzCMfrk2_17zwift_race_finder30estimate_duration_for_category
FN:555,_RNvCsdY1tzCMfrk2_17zwift_race_finder31estimate_duration_from_route_id
FN:563,_RNvCsdY1tzCMfrk2_17zwift_race_finder31estimate_duration_with_distance
FN:462,_RNvCsdY1tzCMfrk2_17zwift_race_finder31generate_no_results_suggestions
FN:540,_RNvCsdY1tzCMfrk2_17zwift_race_finder31get_route_difficulty_multiplier
FN:188,_RNvCsdY1tzCMfrk2_17zwift_race_finder31parse_distance_from_description
FN:527,_RNvCsdY1tzCMfrk2_17zwift_race_finder46get_route_difficulty_multiplier_from_elevation
FN:2803,_RNCNvNtCsdY1tzCMfrk2_17zwift_race_finder5testss_30test_real_zwift_api_connection0B5_
FN:2438,_RNCNvNtCsdY1tzCMfrk2_17zwift_race_finder5testss_31test_filters_out_running_events0B5_
FN:2439,_RNCNvNtCsdY1tzCMfrk2_17zwift_race_finder5testss_31test_filters_out_running_eventss_0B5_
FN:3132,_RNCNvNtCsdY1tzCMfrk2_17zwift_race_finder5testss_42test_racing_score_event_with_zero_distance0B5_
FN:3133,_RNCNvNtCsdY1tzCMfrk2_17zwift_race_finder5testss_42test_racing_score_event_with_zero_distances_0B5_
FN:900,_RNCNCNCNvCsdY1tzCMfrk2_17zwift_race_finder13filter_eventss1_000B7_
FN:912,_RNCNCNCNvCsdY1tzCMfrk2_17zwift_race_finder13filter_eventss2_000B7_
FN:1064,_RNCNCNCNvCsdY1tzCMfrk2_17zwift_race_finder13filter_eventss4_0s3_00B7_
FN:948,_RNCNCNCNvCsdY1tzCMfrk2_17zwift_race_finder13filter_eventss4_0s_00B7_
FN:948,_RNCNCNCNvCsdY1tzCMfrk2_17zwift_race_finder13filter_eventss4_0s_0s_0B7_
FN:900,_RNCNCNvCsdY1tzCMfrk2_17zwift_race_finder13filter_eventss1_00B5_
FN:912,_RNCNCNvCsdY1tzCMfrk2_17zwift_race_finder13filter_eventss2_00B5_
FN:947,_RNCNCNvCsdY1tzCMfrk2_17zwift_race_finder13filter_eventss4_00B5_
FN:977,_RNCNCNvCsdY1tzCMfrk2_17zwift_race_finder13filter_eventss4_0s0_0B5_
FN:980,_RNCNCNvCsdY1tzCMfrk2_17zwift_race_finder13filter_eventss4_0s1_0B5_
FN:1018,_RNCNCNvCsdY1tzCMfrk2_17zwift_race_finder13filter_eventss4_0s2_0B5_
FN:1052,_RNCNCNvCsdY1tzCMfrk2_17zwift_race_finder13filter_eventss4_0s3_0B5_
FN:948,_RNCNCNvCsdY1tzCMfrk2_17zwift_race_finder13filter_eventss4_0s_0B5_
FN:1096,_RNCNCNvCsdY1tzCMfrk2_17zwift_race_finder13filter_eventss6_00B5_
FN:851,_RNCNvCsdY1tzCMfrk2_17zwift_race_finder13filter_events0B3_
FN:867,_RNCNvCsdY1tzCMfrk2_17zwift_race_finder13filter_eventss0_0B3_
FN:899,_RNCNvCsdY1tzCMfrk2_17zwift_race_finder13filter_eventss1_0B3_
FN:911,_RNCNvCsdY1tzCMfrk2_17zwift_race_finder13filter_eventss2_0B3_
FN:925,_RNCNvCsdY1tzCMfrk2_17zwift_race_finder13filter_eventss3_0B3_
FN:943,_RNCNvCsdY1tzCMfrk2_17zwift_race_finder13filter_eventss4_0B3_
FN:1095,_RNCNvCsdY1tzCMfrk2_17zwift_race_finder13filter_eventss5_0B3_
FN:1096,_RNCNvCsdY1tzCMfrk2_17zwift_race_finder13filter_eventss6_0B3_
FN:859,_RNCNvCsdY1tzCMfrk2_17zwift_race_finder13filter_eventss_0B3_
FN:648,_RNCNvCsdY1tzCMfrk2_17zwift_race_finder14get_cache_file0B3_
FN:1322,_RNCNvCsdY1tzCMfrk2_17zwift_race_finder17prepare_event_row0B3_
FN:1337,_RNCNvCsdY1tzCMfrk2_17zwift_race_finder17prepare_event_rows0_0B3_
FN:1372,_RNCNvCsdY1tzCMfrk2_17zwift_race_finder17prepare_event_rows1_0B3_
FN:1383,_RNCNvCsdY1tzCMfrk2_17zwift_race_finder17prepare_event_rows2_0B3_
FN:1333,_RNCNvCsdY1tzCMfrk2_17zwift_race_finder17prepare_event_rows_0B3_
FN:429,_RNCNvCsdY1tzCMfrk2_17zwift_race_finder18find_user_subgroup0B3_
FN:445,_RNCNvCsdY1tzCMfrk2_17zwift_race_finder20count_events_by_type0B3_
FN:130,_RNCNvCsdY1tzCMfrk2_17zwift_race_finder21is_racing_score_event0B3_
FN:2388,_RNvNtCsdY1tzCMfrk2_17zwift_race_finder5tests17create_test_event
FN:2585,_RNvNtCsdY1tzCMfrk2_17zwift_race_finder5tests22get_multi_lap_distance
FN:3178,_RNvNtCsdY1tzCMfrk2_17zwift_race_finder5testss_18test_default_sport
FN:3307,_RNvNtCsdY1tzCMfrk2_17zwift_race_finder5testss_19test_get_cache_file
FN:3137,_RNvNtCsdY1tzCMfrk2_17zwift_race_finder5testss_20test_format_duration
FN:3590,_RNvNtCsdY1tzCMfrk2_17zwift_race_finder5testss_20test_parse_lap_count
FN:3489,_RNvNtCsdY1tzCMfrk2_17zwift_race_finder5testss_22test_format_event_type
FN:3387,_RNvNtCsdY1tzCMfrk2_17zwift_race_finder5testss_22test_log_unknown_route
FN:3202,_RNvNtCsdY1tzCMfrk2_17zwift_race_finder5testss_22test_prepare_event_row
FN:2461,_RNvNtCsdY1tzCMfrk2_17zwift_race_finder5testss_23test_duration_filtering
FN:3638,_RNvNtCsdY1tzCMfrk2_17zwift_race_finder5testss_23test_find_user_subgroup
FN:3808,_RNvNtCsdY1tzCMfrk2_17zwift_race_finder5testss_23test_get_category_speed
FN:3412,_RNvNtCsdY1tzCMfrk2_17zwift_race_finder5testss_25test_count_events_by_type
FN:3364,_RNvNtCsdY1tzCMfrk2_17zwift_race_finder5testss_25test_display_filter_stats
FN:2594,_RNvNtCsdY1tzCMfrk2_17zwift_race_finder5testss_25test_event_type_filtering
FN:2758,_RNvNtCsdY1tzCMfrk2_17zwift_race_finder5testss_26test_edge_case_estimations
FN:2831,_RNvNtCsdY1tzCMfrk2_17zwift_race_finder5testss_26test_is_racing_score_event
FN:3184,_RNvNtCsdY1tzCMfrk2_17zwift_race_finder5testss_27test_get_multi_lap_distance
FN:2961,_RNvNtCsdY1tzCMfrk2_17zwift_race_finder5testss_27test_parse_description_data
FN:3791,_RNvNtCsdY1tzCMfrk2_17zwift_race_finder5testss_28test_get_category_from_score
FN:2560,_RNvNtCsdY1tzCMfrk2_17zwift_race_finder5testss_29test_multi_lap_race_detection
FN:3612,_RNvNtCsdY1tzCMfrk2_17zwift_race_finder5testss_29test_parse_distance_from_name
FN:2776,_RNvNtCsdY1tzCMfrk2_17zwift_race_finder5testss_30test_database_route_validation
FN:2803,_RNvNtCsdY1tzCMfrk2_17zwift_race_finder5testss_30test_real_zwift_api_connection
FN:3821,_RNvNtCsdY1tzCMfrk2_17zwift_race_finder5testss_31test_category_logic_consistency
FN:2408,_RNvNtCsdY1tzCMfrk2_17zwift_race_finder5testss_31test_filters_out_running_events
FN:3314,_RNvNtCsdY1tzCMfrk2_17zwift_race_finder5testss_31test_load_and_save_cached_stats
FN:2649,_RNvNtCsdY1tzCMfrk2_17zwift_race_finder5testss_31test_specific_route_multipliers
FN:3156,_RNvNtCsdY1tzCMfrk2_17zwift_race_finder5testss_32test_estimate_distance_from_name
FN:3232,_RNvNtCsdY1tzCMfrk2_17zwift_race_finder5testss_32test_generate_filter_description
FN:2998,_RNvNtCsdY1tzCMfrk2_17zwift_race_finder5testss_33test_racing_score_event_filtering
FN:2443,_RNvNtCsdY1tzCMfrk2_17zwift_race_finder5testss_34test_duration_estimation_for_cat_d
FN:2495,_RNvNtCsdY1tzCMfrk2_17zwift_race_finder5testss_34test_regression_common_zwift_races
FN:3285,_RNvNtCsdY1tzCMfrk2_17zwift_race_finder5testss_35test_estimate_duration_for_category
FN:3762,_RNvNtCsdY1tzCMfrk2_17zwift_race_finder5testss_36test_get_route_difficulty_multiplier
FN:2916,_RNvNtCsdY1tzCMfrk2_17zwift_race_finder5testss_36test_parse_distance_from_description
FN:3058,_RNvNtCsdY1tzCMfrk2_17zwift_race_finder5testss_42test_racing_score_event_with_zero_distance
FN:3530,_RNvNtCsdY1tzCMfrk2_17zwift_race_finder5testss_43test_generate_no_results_suggestions_for_tt
FN:2681,_RNvNtCsdY1tzCMfrk2_17zwift_race_finder5testss_44test_route_id_regression_with_actual_results
FN:3499,_RNvNtCsdY1tzCMfrk2_17zwift_race_finder5testss_45test_generate_no_results_suggestions_for_race
FN:3560,_RNvNtCsdY1tzCMfrk2_17zwift_race_finder5testss_46test_generate_no_results_suggestions_for_other
FN:3735,_RNvNtCsdY1tzCMfrk2_17zwift_race_finder5testss_51test_get_route_difficulty_multiplier_from_elevation
FN:900,_RNCNCNCNvCs6l7Ma75WKx0_17zwift_race_finder13filter_eventss1_000B7_
FN:912,_RNCNCNCNvCs6l7Ma75WKx0_17zwift_race_finder13filter_eventss2_000B7_
FN:1064,_RNCNCNCNvCs6l7Ma75WKx0_17zwift_race_finder13filter_eventss4_0s3_00B7_
FN:948,_RNCNCNCNvCs6l7Ma75WKx0_17zwift_race_finder13filter_eventss4_0s_00B7_
FN:948,_RNCNCNCNvCs6l7Ma75WKx0_17zwift_race_finder13filter_eventss4_0s_0s_0B7_
FN:1460,_RNCNCNvCs6l7Ma75WKx0_17zwift_race_finder11print_events_00B5_
FN:900,_RNCNCNvCs6l7Ma75WKx0_17zwift_race_finder13filter_eventss1_00B5_
FN:912,_RNCNCNvCs6l7Ma75WKx0_17zwift_race_finder13filter_eventss2_00B5_
FN:947,_RNCNCNvCs6l7Ma75WKx0_17zwift_race_finder13filter_eventss4_00B5_
FN:977,_RNCNCNvCs6l7Ma75WKx0_17zwift_race_finder13filter_eventss4_0s0_0B5_
FN:980,_RNCNCNvCs6l7Ma75WKx0_17zwift_race_finder13filter_eventss4_0s1_0B5_
FN:1018,_RNCNCNvCs6l7Ma75WKx0_17zwift_race_finder13filter_eventss4_0s2_0B5_
FN:1052,_RNCNCNvCs6l7Ma75WKx0_17zwift_race_finder13filter_eventss4_0s3_0B5_
FN:948,_RNCNCNvCs6l7Ma75WKx0_17zwift_race_finder13filter_eventss4_0s_0B5_
FN:1096,_RNCNCNvCs6l7Ma75WKx0_17zwift_race_finder13filter_eventss6_00B5_
FN:814,_RNCNCNvCs6l7Ma75WKx0_17zwift_race_finder14get_user_stats00B5_
FN:1797,_RNCNCNvCs6l7Ma75WKx0_17zwift_race_finder23discover_unknown_routes00B5_
FN:2032,_RNCNCNvCs6l7Ma75WKx0_17zwift_race_finder26analyze_event_descriptions00B5_
FN:2214,_RNCNCNvCs6l7Ma75WKx0_17zwift_race_finder4main00B5_
FN:2246,_RNCNCNvCs6l7Ma75WKx0_17zwift_race_finder4main0s0_0B5_
FN:2254,_RNCNCNvCs6l7Ma75WKx0_17zwift_race_finder4main0s1_0B5_
FN:2278,_RNCNCNvCs6l7Ma75WKx0_17zwift_race_finder4main0s2_0B5_
FN:2284,_RNCNCNvCs6l7Ma75WKx0_17zwift_race_finder4main0s3_0B5_
FN:2313,_RNCNCNvCs6l7Ma75WKx0_17zwift_race_finder4main0s4_0B5_
FN:2218,_RNCNCNvCs6l7Ma75WKx0_17zwift_race_finder4main0s_0B5_
FN:1458,_RNCNvCs6l7Ma75WKx0_17zwift_race_finder11print_event0B3_
FN:1463,_RNCNvCs6l7Ma75WKx0_17zwift_race_finder11print_events0_0B3_
FN:1466,_RNCNvCs6l7Ma75WKx0_17zwift_race_finder11print_events1_0B3_
FN:1483,_RNCNvCs6l7Ma75WKx0_17zwift_race_finder11print_events2_0B3_
FN:1489,_RNCNvCs6l7Ma75WKx0_17zwift_race_finder11print_events3_0B3_
FN:1494,_RNCNvCs6l7Ma75WKx0_17zwift_race_finder11print_events4_0B3_
FN:1563,_RNCNvCs6l7Ma75WKx0_17zwift_race_finder11print_events5_0B3_
FN:1565,_RNCNvCs6l7Ma75WKx0_17zwift_race_finder11print_events6_0B3_
FN:1595,_RNCNvCs6l7Ma75WKx0_17zwift_race_finder11print_events7_0B3_
FN:1460,_RNCNvCs6l7Ma75WKx0_17zwift_race_finder11print_events_0B3_
FN:819,_RNCNvCs6l7Ma75WKx0_17zwift_race_finder12fetch_events0B3_
FN:851,_RNCNvCs6l7Ma75WKx0_17zwift_race_finder13filter_events0B3_
FN:867,_RNCNvCs6l7Ma75WKx0_17zwift_race_finder13filter_eventss0_0B3_
FN:899,_RNCNvCs6l7Ma75WKx0_17zwift_race_finder13filter_eventss1_0B3_
FN:911,_RNCNvCs6l7Ma75WKx0_17zwift_race_finder13filter_eventss2_0B3_
FN:925,_RNCNvCs6l7Ma75WKx0_17zwift_race_finder13filter_eventss3_0B3_
FN:943,_RNCNvCs6l7Ma75WKx0_17zwift_race_finder13filter_eventss4_0B3_
FN:1095,_RNCNvCs6l7Ma75WKx0_17zwift_race_finder13filter_eventss5_0B3_
FN:1096,_RNCNvCs6l7Ma75WKx0_17zwift_race_finder13filter_eventss6_0B3_
FN:859,_RNCNvCs6l7Ma75WKx0_17zwift_race_finder13filter_eventss_0B3_
FN:648,_RNCNvCs6l7Ma75WKx0_17zwift_race_finder14get_cache_file0B3_
FN:798,_RNCNvCs6l7Ma75WKx0_17zwift_race_finder14get_user_stats0B3_
FN:1322,_RNCNvCs6l7Ma75WKx0_17zwift_race_finder17prepare_event_row0B3_
FN:1337,_RNCNvCs6l7Ma75WKx0_17zwift_race_finder17prepare_event_rows0_0B3_
FN:1372,_RNCNvCs6l7Ma75WKx0_17zwift_race_finder17prepare_event_rows1_0B3_
FN:1383,_RNCNvCs6l7Ma75WKx0_17zwift_race_finder17prepare_event_rows2_0B3_
FN:1333,_RNCNvCs6l7Ma75WKx0_17zwift_race_finder17prepare_event_rows_0B3_
FN:429,_RNCNvCs6l7Ma75WKx0_17zwift_race_finder18find_user_subgroup0B3_
FN:1249,_RNCNvCs6l7Ma75WKx0_17zwift_race_finder18print_events_table0B3_
FN:1251,_RNCNvCs6l7Ma75WKx0_17zwift_race_finder18print_events_tables0_0B3_
FN:1252,_RNCNvCs6l7Ma75WKx0_17zwift_race_finder18print_events_tables1_0B3_
FN:1253,_RNCNvCs6l7Ma75WKx0_17zwift_race_finder18print_events_tables2_0B3_
[...]
FNDA:0,_RNCNvMNtCs6l7Ma75WKx0_17zwift_race_finder15route_discoveryNtB4_14RouteDiscovery24parse_whatsonzwift_routes9_0B6_
FNDA:0,_RNCNvMNtCs6l7Ma75WKx0_17zwift_race_finder15route_discoveryNtB4_14RouteDiscovery24parse_whatsonzwift_routes_0B6_
FNDA:0,_RNCNvMNtCs6l7Ma75WKx0_17zwift_race_finder15route_discoveryNtB4_14RouteDiscovery24parse_whatsonzwift_routesa_0B6_
FNDA:0,_RNCNvMNtCs6l7Ma75WKx0_17zwift_race_finder15route_discoveryNtB4_14RouteDiscovery24parse_whatsonzwift_routesb_0B6_
FNDA:0,_RNCNvMNtCs6l7Ma75WKx0_17zwift_race_finder15route_discoveryNtB4_14RouteDiscovery24parse_zwiftinsider_route0B6_
FNDA:0,_RNCNvMNtCs6l7Ma75WKx0_17zwift_race_finder15route_discoveryNtB4_14RouteDiscovery24parse_zwiftinsider_routes0_0B6_
FNDA:0,_RNCNvMNtCs6l7Ma75WKx0_17zwift_race_finder15route_discoveryNtB4_14RouteDiscovery24parse_zwiftinsider_routes1_0B6_
FNDA:0,_RNCNvMNtCs6l7Ma75WKx0_17zwift_race_finder15route_discoveryNtB4_14RouteDiscovery24parse_zwiftinsider_routes2_0B6_
FNDA:0,_RNCNvMNtCs6l7Ma75WKx0_17zwift_race_finder15route_discoveryNtB4_14RouteDiscovery24parse_zwiftinsider_routes3_0B6_
FNDA:0,_RNCNvMNtCs6l7Ma75WKx0_17zwift_race_finder15route_discoveryNtB4_14RouteDiscovery24parse_zwiftinsider_routes4_0B6_
FNDA:0,_RNCNvMNtCs6l7Ma75WKx0_17zwift_race_finder15route_discoveryNtB4_14RouteDiscovery24parse_zwiftinsider_routes5_0B6_
FNDA:0,_RNCNvMNtCs6l7Ma75WKx0_17zwift_race_finder15route_discoveryNtB4_14RouteDiscovery24parse_zwiftinsider_routes6_0B6_
FNDA:0,_RNCNvMNtCs6l7Ma75WKx0_17zwift_race_finder15route_discoveryNtB4_14RouteDiscovery24parse_zwiftinsider_routes7_0B6_
FNDA:0,_RNCNvMNtCs6l7Ma75WKx0_17zwift_race_finder15route_discoveryNtB4_14RouteDiscovery24parse_zwiftinsider_routes8_0B6_
FNDA:0,_RNCNvMNtCs6l7Ma75WKx0_17zwift_race_finder15route_discoveryNtB4_14RouteDiscovery24parse_zwiftinsider_routes9_0B6_
FNDA:0,_RNCNvMNtCs6l7Ma75WKx0_17zwift_race_finder15route_discoveryNtB4_14RouteDiscovery24parse_zwiftinsider_routes_0B6_
FNDA:0,_RNCNCNvMNtCs2felTZli3Ur_17zwift_race_finder15route_discoveryNtB6_14RouteDiscovery19search_whatsonzwift00B8_
FNDA:0,_RNCNCNvMNtCs2felTZli3Ur_17zwift_race_finder15route_discoveryNtB6_14RouteDiscovery19search_zwiftinsider00B8_
FNDA:0,_RNCNvMNtCs2felTZli3Ur_17zwift_race_finder15route_discoveryNtB4_14RouteDiscovery14discover_route0B6_
FNDA:0,_RNCNvMNtCs2felTZli3Ur_17zwift_race_finder15route_discoveryNtB4_14RouteDiscovery17format_world_name0B6_
FNDA:0,_RNCNvMNtCs2felTZli3Ur_17zwift_race_finder15route_discoveryNtB4_14RouteDiscovery19search_whatsonzwift0B6_
FNDA:0,_RNCNvMNtCs2felTZli3Ur_17zwift_race_finder15route_discoveryNtB4_14RouteDiscovery19search_zwiftinsider0B6_
FNDA:0,_RNCNvMNtCs2felTZli3Ur_17zwift_race_finder15route_discoveryNtB4_14RouteDiscovery24parse_whatsonzwift_route0B6_
FNDA:0,_RNCNvMNtCs2felTZli3Ur_17zwift_race_finder15route_discoveryNtB4_14RouteDiscovery24parse_whatsonzwift_routes0_0B6_
FNDA:0,_RNCNvMNtCs2felTZli3Ur_17zwift_race_finder15route_discoveryNtB4_14RouteDiscovery24parse_whatsonzwift_routes1_0B6_
FNDA:0,_RNCNvMNtCs2felTZli3Ur_17zwift_race_finder15route_discoveryNtB4_14RouteDiscovery24parse_whatsonzwift_routes2_0B6_
FNDA:0,_RNCNvMNtCs2felTZli3Ur_17zwift_race_finder15route_discoveryNtB4_14RouteDiscovery24parse_whatsonzwift_routes3_0B6_
FNDA:0,_RNCNvMNtCs2felTZli3Ur_17zwift_race_finder15route_discoveryNtB4_14RouteDiscovery24parse_whatsonzwift_routes4_0B6_
FNDA:0,_RNCNvMNtCs2felTZli3Ur_17zwift_race_finder15route_discoveryNtB4_14RouteDiscovery24parse_whatsonzwift_routes5_0B6_
FNDA:0,_RNCNvMNtCs2felTZli3Ur_17zwift_race_finder15route_discoveryNtB4_14RouteDiscovery24parse_whatsonzwift_routes6_0B6_
FNDA:0,_RNCNvMNtCs2felTZli3Ur_17zwift_race_finder15route_discoveryNtB4_14RouteDiscovery24parse_whatsonzwift_routes7_0B6_
FNDA:0,_RNCNvMNtCs2felTZli3Ur_17zwift_race_finder15route_discoveryNtB4_14RouteDiscovery24parse_whatsonzwift_routes8_0B6_
FNDA:0,_RNCNvMNtCs2felTZli3Ur_17zwift_race_finder15route_discoveryNtB4_14RouteDiscovery24parse_whatsonzwift_routes9_0B6_
FNDA:0,_RNCNvMNtCs2felTZli3Ur_17zwift_race_finder15route_discoveryNtB4_14RouteDiscovery24parse_whatsonzwift_routes_0B6_
FNDA:0,_RNCNvMNtCs2felTZli3Ur_17zwift_race_finder15route_discoveryNtB4_14RouteDiscovery24parse_whatsonzwift_routesa_0B6_
FNDA:0,_RNCNvMNtCs2felTZli3Ur_17zwift_race_finder15route_discoveryNtB4_14RouteDiscovery24parse_whatsonzwift_routesb_0B6_
FNDA:0,_RNCNvMNtCs2felTZli3Ur_17zwift_race_finder15route_discoveryNtB4_14RouteDiscovery24parse_zwiftinsider_route0B6_
FNDA:0,_RNCNvMNtCs2felTZli3Ur_17zwift_race_finder15route_discoveryNtB4_14RouteDiscovery24parse_zwiftinsider_routes0_0B6_
FNDA:0,_RNCNvMNtCs2felTZli3Ur_17zwift_race_finder15route_discoveryNtB4_14RouteDiscovery24parse_zwiftinsider_routes1_0B6_
FNDA:0,_RNCNvMNtCs2felTZli3Ur_17zwift_race_finder15route_discoveryNtB4_14RouteDiscovery24parse_zwiftinsider_routes2_0B6_
FNDA:0,_RNCNvMNtCs2felTZli3Ur_17zwift_race_finder15route_discoveryNtB4_14RouteDiscovery24parse_zwiftinsider_routes3_0B6_
FNDA:0,_RNCNvMNtCs2felTZli3Ur_17zwift_race_finder15route_discoveryNtB4_14RouteDiscovery24parse_zwiftinsider_routes4_0B6_
FNDA:0,_RNCNvMNtCs2felTZli3Ur_17zwift_race_finder15route_discoveryNtB4_14RouteDiscovery24parse_zwiftinsider_routes5_0B6_
FNDA:0,_RNCNvMNtCs2felTZli3Ur_17zwift_race_finder15route_discoveryNtB4_14RouteDiscovery24parse_zwiftinsider_routes6_0B6_
FNDA:0,_RNCNvMNtCs2felTZli3Ur_17zwift_race_finder15route_discoveryNtB4_14RouteDiscovery24parse_zwiftinsider_routes7_0B6_
FNDA:0,_RNCNvMNtCs2felTZli3Ur_17zwift_race_finder15route_discoveryNtB4_14RouteDiscovery24parse_zwiftinsider_routes8_0B6_
FNDA:0,_RNCNvMNtCs2felTZli3Ur_17zwift_race_finder15route_discoveryNtB4_14RouteDiscovery24parse_zwiftinsider_routes9_0B6_
FNDA:0,_RNCNvMNtCs2felTZli3Ur_17zwift_race_finder15route_discoveryNtB4_14RouteDiscovery24parse_zwiftinsider_routes_0B6_
FNDA:0,_RNvMNtCs2felTZli3Ur_17zwift_race_finder15route_discoveryNtB2_14RouteDiscovery14discover_route
FNDA:0,_RNvMNtCs2felTZli3Ur_17zwift_race_finder15route_discoveryNtB2_14RouteDiscovery17format_world_name
FNDA:0,_RNvMNtCs2felTZli3Ur_17zwift_race_finder15route_discoveryNtB2_14RouteDiscovery18extract_route_name
FNDA:0,_RNvMNtCs2felTZli3Ur_17zwift_race_finder15route_discoveryNtB2_14RouteDiscovery19search_whatsonzwift
FNDA:0,_RNvMNtCs2felTZli3Ur_17zwift_race_finder15route_discoveryNtB2_14RouteDiscovery19search_zwiftinsider
FNDA:0,_RNvMNtCs2felTZli3Ur_17zwift_race_finder15route_discoveryNtB2_14RouteDiscovery24parse_whatsonzwift_route
FNDA:0,_RNvMNtCs2felTZli3Ur_17zwift_race_finder15route_discoveryNtB2_14RouteDiscovery24parse_zwiftinsider_route
FNDA:8,_RNvMNtCs2felTZli3Ur_17zwift_race_finder15route_discoveryNtB2_14RouteDiscovery28detect_world_from_event_name
FNDA:2,_RNvMNtCs2felTZli3Ur_17zwift_race_finder15route_discoveryNtB2_14RouteDiscovery3new
FNDA:6,_RNvNtCs2felTZli3Ur_17zwift_race_finder15route_discovery28parse_route_from_description
FNDA:1,_RNvNtNtCs2felTZli3Ur_17zwift_race_finder15route_discovery5testss_33test_detect_world_from_event_name
FNDA:1,_RNvNtNtCs2felTZli3Ur_17zwift_race_finder15route_discovery5testss_33test_parse_route_from_description
FNDA:1,_RNvNtNtCs2felTZli3Ur_17zwift_race_finder15route_discovery5testss_35test_route_discovery_initialization
FNDA:1,_RNCNvNtNtCs2felTZli3Ur_17zwift_race_finder15route_discovery5testss_35test_route_discovery_initialization0B7_
FNF:46
FNH:7
DA:40,4
DA:41,4
DA:42,4
DA:43,4
DA:44,4
DA:46,4
DA:47,4
DA:48,4
DA:49,4
DA:50,4
DA:53,0
DA:56,0
DA:57,0
DA:58,0
DA:59,0
DA:61,0
DA:63,0
DA:67,0
DA:69,0
DA:70,0
DA:71,0
DA:72,0
DA:75,0
DA:77,0
DA:78,0
DA:79,0
DA:80,0
DA:83,0
DA:84,0
DA:85,0
DA:86,0
DA:87,0
DA:90,0
DA:91,0
DA:92,0
DA:93,0
DA:94,0
DA:95,0
DA:96,0
DA:97,0
DA:98,0
DA:99,0
DA:100,0
DA:101,0
DA:102,0
DA:103,0
DA:104,0
DA:105,0
DA:107,0
DA:109,0
DA:110,0
DA:111,0
DA:112,0
DA:113,0
DA:114,0
DA:115,0
DA:116,0
DA:117,0
DA:118,0
DA:119,0
DA:121,0
DA:122,0
DA:123,0
DA:126,0
DA:128,0
DA:130,0
DA:131,0
DA:132,0
DA:133,0
DA:135,0
DA:139,0
DA:140,0
DA:143,16
DA:144,16
DA:145,16
DA:146,16
DA:147,16
DA:148,4
DA:149,12
DA:150,12
DA:151,12
DA:152,2
DA:153,10
DA:154,10
DA:155,10
DA:156,2
DA:157,8
DA:158,8
DA:159,8
DA:160,2
DA:161,6
DA:162,6
DA:163,6
DA:164,0
DA:165,6
DA:166,6
DA:167,6
DA:168,0
DA:169,6
DA:170,6
DA:171,6
DA:172,0
DA:173,6
DA:174,6
DA:175,6
DA:176,0
DA:177,6
DA:178,6
DA:179,6
DA:180,0
DA:181,6
DA:182,6
DA:183,6
DA:184,6
DA:185,4
DA:186,4
DA:187,2
DA:188,2
DA:189,2
DA:190,2
DA:192,0
DA:193,2
DA:194,2
DA:195,2
DA:196,16
DA:199,0
DA:200,0
DA:203,0
DA:204,0
DA:206,0
DA:210,0
DA:211,0
DA:212,0
DA:213,0
DA:215,0
DA:218,0
DA:219,0
DA:222,0
DA:223,0
DA:224,0
DA:225,0
DA:228,0
DA:229,0
DA:230,0
DA:231,0
DA:232,0
DA:233,0
DA:235,0
DA:236,0
DA:237,0
DA:240,0
DA:243,0
DA:249,0
DA:250,0
DA:251,0
DA:252,0
DA:253,0
DA:255,0
DA:259,0
DA:260,0
DA:261,0
DA:262,0
DA:263,0
DA:266,0
DA:267,0
DA:268,0
DA:269,0
DA:270,0
DA:271,0
DA:274,0
DA:275,0
DA:276,0
DA:277,0
DA:278,0
DA:281,0
DA:282,0
DA:283,0
DA:284,0
DA:285,0
DA:288,0
DA:289,0
DA:290,0
DA:291,0
DA:293,0
DA:296,0
DA:297,0
DA:298,0
DA:299,0
DA:300,0
DA:301,0
DA:302,0
DA:303,0
DA:304,0
DA:305,0
DA:306,0
DA:309,0
DA:310,0
DA:311,0
DA:312,0
DA:313,0
DA:314,0
DA:315,0
DA:316,0
DA:317,0
DA:318,0
DA:319,0
DA:320,0
DA:321,0
DA:322,0
DA:323,0
DA:324,0
DA:326,0
DA:327,0
DA:328,0
DA:331,0
DA:332,0
DA:333,0
DA:335,0
DA:339,0
DA:340,0
DA:341,0
DA:344,0
DA:345,0
DA:346,0
DA:348,0
DA:349,0
DA:350,0
DA:351,0
DA:352,0
DA:353,0
DA:354,0
DA:356,0
DA:357,0
DA:358,0
DA:359,0
DA:360,0
DA:361,0
DA:362,0
DA:363,0
DA:366,0
DA:367,0
DA:370,0
DA:375,0
DA:376,0
DA:377,0
DA:378,0
DA:379,0
DA:382,0
DA:383,0
DA:384,0
DA:385,0
DA:386,0
DA:387,0
DA:390,0
DA:391,0
DA:392,0
DA:393,0
DA:394,0
DA:397,0
DA:398,0
DA:399,0
DA:400,0
DA:401,0
DA:404,0
DA:405,0
DA:406,0
DA:407,0
DA:409,0
DA:412,0
DA:413,0
DA:414,0
DA:415,0
DA:416,0
DA:417,0
DA:418,0
DA:419,0
DA:420,0
DA:433,14
DA:442,14
DA:443,14
DA:444,2
DA:445,2
DA:446,2
DA:447,2
DA:448,2
DA:449,2
DA:450,0
DA:451,0
DA:452,12
DA:455,12
DA:456,12
DA:457,2
DA:458,2
DA:460,2
DA:461,2
DA:462,2
DA:463,2
DA:464,2
DA:465,2
DA:466,2
DA:467,2
DA:468,0
DA:469,0
DA:470,10
DA:473,10
DA:474,10
DA:475,2
DA:476,2
DA:478,2
DA:479,2
DA:480,0
DA:481,2
DA:482,2
DA:483,2
DA:484,2
DA:485,2
DA:486,0
DA:487,0
DA:488,8
DA:491,8
DA:492,8
DA:493,2
DA:494,2
DA:495,2
DA:496,2
DA:497,2
DA:498,2
DA:499,0
DA:500,0
DA:501,6
DA:504,6
DA:505,6
DA:506,2
DA:507,2
DA:508,2
DA:509,2
DA:510,2
DA:511,0
DA:512,4
DA:514,4
DA:515,14
DA:522,2
DA:523,2
DA:524,2
DA:525,2
DA:528,2
DA:529,2
DA:530,2
DA:531,2
DA:532,2
DA:533,2
DA:534,2
DA:537,2
DA:538,2
DA:539,2
DA:540,2
DA:541,2
DA:544,2
DA:545,2
DA:546,2
DA:547,2
DA:548,2
DA:551,2
DA:552,2
DA:553,2
DA:554,2
DA:555,2
DA:558,2
DA:559,2
DA:560,2
DA:561,2
DA:562,2
DA:565,2
DA:566,2
DA:567,2
DA:570,2
DA:571,2
DA:572,2
DA:573,2
DA:574,2
DA:575,2
DA:576,2
DA:577,2
DA:578,2
DA:579,2
DA:580,2
DA:581,2
DA:584,2
DA:585,2
DA:586,2
DA:587,2
DA:590,2
DA:591,2
DA:592,2
DA:593,2
DA:596,2
DA:597,2
DA:598,2
DA:599,2
DA:602,2
DA:603,2
DA:604,2
DA:605,2
DA:606,2
DA:607,2
DA:608,2
DA:609,2
DA:612,2
DA:613,2
DA:614,2
DA:615,2
DA:616,2
BRF:0
BRH:0
LF:448
LH:185
end_of_record
SF:/home/jack/tools/rust/zwift-race-finder/src/secure_storage.rs
FN:146,_RNCNvMNtCs1kDST8A3VsF_17zwift_race_finder14secure_storageNtB4_13SecureStorage13load_from_env0B6_
FN:182,_RNCNvMNtCs1kDST8A3VsF_17zwift_race_finder14secure_storageNtB4_13SecureStorage14load_from_file0B6_
FN:88,_RNCNvMNtCs1kDST8A3VsF_17zwift_race_finder14secure_storageNtB4_13SecureStorage15get_config_path0B6_
FN:215,_RNvMNtCs1kDST8A3VsF_17zwift_race_finder14secure_storageNtB2_13SecureStorage12backend_info
FN:188,_RNvMNtCs1kDST8A3VsF_17zwift_race_finder14secure_storageNtB2_13SecureStorage12save_to_file
FN:130,_RNvMNtCs1kDST8A3VsF_17zwift_race_finder14secure_storageNtB2_13SecureStorage13load_from_env
FN:57,_RNvMNtCs1kDST8A3VsF_17zwift_race_finder14secure_storageNtB2_13SecureStorage14detect_backend
FN:180,_RNvMNtCs1kDST8A3VsF_17zwift_race_finder14secure_storageNtB2_13SecureStorage14load_from_file
FN:79,_RNvMNtCs1kDST8A3VsF_17zwift_race_finder14secure_storageNtB2_13SecureStorage15get_config_path
FN:175,_RNvMNtCs1kDST8A3VsF_17zwift_race_finder14secure_storageNtB2_13SecureStorage15save_to_keyring
FN:161,_RNvMNtCs1kDST8A3VsF_17zwift_race_finder14secure_storageNtB2_13SecureStorage17load_from_keyring
FN:97,_RNvMNtCs1kDST8A3VsF_17zwift_race_finder14secure_storageNtB2_13SecureStorage18load_strava_tokens
FN:106,_RNvMNtCs1kDST8A3VsF_17zwift_race_finder14secure_storageNtB2_13SecureStorage18save_strava_tokens
FN:224,_RNvMNtCs1kDST8A3VsF_17zwift_race_finder14secure_storageNtB2_13SecureStorage19tokens_need_refresh
FN:46,_RNvMNtCs1kDST8A3VsF_17zwift_race_finder14secure_storageNtB2_13SecureStorage3new
FN:231,_RNvNtCs1kDST8A3VsF_17zwift_race_finder14secure_storage14migrate_tokens
FN:88,_RNCNvMNtCs2felTZli3Ur_17zwift_race_finder14secure_storageNtB4_13SecureStorage15get_config_path0B6_
FN:215,_RNvMNtCs2felTZli3Ur_17zwift_race_finder14secure_storageNtB2_13SecureStorage12backend_info
FN:57,_RNvMNtCs2felTZli3Ur_17zwift_race_finder14secure_storageNtB2_13SecureStorage14detect_backend
FN:79,_RNvMNtCs2felTZli3Ur_17zwift_race_finder14secure_storageNtB2_13SecureStorage15get_config_path
FN:46,_RNvMNtCs2felTZli3Ur_17zwift_race_finder14secure_storageNtB2_13SecureStorage3new
FN:231,_RNvNtCs2felTZli3Ur_17zwift_race_finder14secure_storage14migrate_tokens
FN:188,_RNvMNtCs2felTZli3Ur_17zwift_race_finder14secure_storageNtB2_13SecureStorage12save_to_file
FN:130,_RNvMNtCs2felTZli3Ur_17zwift_race_finder14secure_storageNtB2_13SecureStorage13load_from_env
FN:180,_RNvMNtCs2felTZli3Ur_17zwift_race_finder14secure_storageNtB2_13SecureStorage14load_from_file
FN:175,_RNvMNtCs2felTZli3Ur_17zwift_race_finder14secure_storageNtB2_13SecureStorage15save_to_keyring
FN:161,_RNvMNtCs2felTZli3Ur_17zwift_race_finder14secure_storageNtB2_13SecureStorage17load_from_keyring
FN:97,_RNvMNtCs2felTZli3Ur_17zwift_race_finder14secure_storageNtB2_13SecureStorage18load_strava_tokens
FN:106,_RNvMNtCs2felTZli3Ur_17zwift_race_finder14secure_storageNtB2_13SecureStorage18save_strava_tokens
FN:224,_RNvMNtCs2felTZli3Ur_17zwift_race_finder14secure_storageNtB2_13SecureStorage19tokens_need_refresh
FN:146,_RNCNvMNtCs2felTZli3Ur_17zwift_race_finder14secure_storageNtB4_13SecureStorage13load_from_env0B6_
FN:182,_RNCNvMNtCs2felTZli3Ur_17zwift_race_finder14secure_storageNtB4_13SecureStorage14load_from_file0B6_
FN:295,_RNvNtNtCs2felTZli3Ur_17zwift_race_finder14secure_storage5testss_16test_env_storage
FN:259,_RNvNtNtCs2felTZli3Ur_17zwift_race_finder14secure_storage5testss_17test_file_storage
FN:324,_RNvNtNtCs2felTZli3Ur_17zwift_race_finder14secure_storage5testss_24test_token_refresh_check
FNDA:0,_RNCNvMNtCs1kDST8A3VsF_17zwift_race_finder14secure_storageNtB4_13SecureStorage13load_from_env0B6_
FNDA:0,_RNCNvMNtCs1kDST8A3VsF_17zwift_race_finder14secure_storageNtB4_13SecureStorage14load_from_file0B6_
FNDA:0,_RNCNvMNtCs1kDST8A3VsF_17zwift_race_finder14secure_storageNtB4_13SecureStorage15get_config_path0B6_
FNDA:0,_RNvMNtCs1kDST8A3VsF_17zwift_race_finder14secure_storageNtB2_13SecureStorage12backend_info
FNDA:0,_RNvMNtCs1kDST8A3VsF_17zwift_race_finder14secure_storageNtB2_13SecureStorage12save_to_file
FNDA:0,_RNvMNtCs1kDST8A3VsF_17zwift_race_finder14secure_storageNtB2_13SecureStorage13load_from_env
FNDA:0,_RNvMNtCs1kDST8A3VsF_17zwift_race_finder14secure_storageNtB2_13SecureStorage14detect_backend
FNDA:0,_RNvMNtCs1kDST8A3VsF_17zwift_race_finder14secure_storageNtB2_13SecureStorage14load_from_file
FNDA:0,_RNvMNtCs1kDST8A3VsF_17zwift_race_finder14secure_storageNtB2_13SecureStorage15get_config_path
FNDA:0,_RNvMNtCs1kDST8A3VsF_17zwift_race_finder14secure_storageNtB2_13SecureStorage15save_to_keyring
FNDA:0,_RNvMNtCs1kDST8A3VsF_17zwift_race_finder14secure_storageNtB2_13SecureStorage17load_from_keyring
FNDA:0,_RNvMNtCs1kDST8A3VsF_17zwift_race_finder14secure_storageNtB2_13SecureStorage18load_strava_tokens
FNDA:0,_RNvMNtCs1kDST8A3VsF_17zwift_race_finder14secure_storageNtB2_13SecureStorage18save_strava_tokens
FNDA:0,_RNvMNtCs1kDST8A3VsF_17zwift_race_finder14secure_storageNtB2_13SecureStorage19tokens_need_refresh
FNDA:0,_RNvMNtCs1kDST8A3VsF_17zwift_race_finder14secure_storageNtB2_13SecureStorage3new
FNDA:0,_RNvNtCs1kDST8A3VsF_17zwift_race_finder14secure_storage14migrate_tokens
FNDA:0,_RNCNvMNtCs2felTZli3Ur_17zwift_race_finder14secure_storageNtB4_13SecureStorage15get_config_path0B6_
FNDA:0,_RNvMNtCs2felTZli3Ur_17zwift_race_finder14secure_storageNtB2_13SecureStorage12backend_info
FNDA:0,_RNvMNtCs2felTZli3Ur_17zwift_race_finder14secure_storageNtB2_13SecureStorage14detect_backend
FNDA:0,_RNvMNtCs2felTZli3Ur_17zwift_race_finder14secure_storageNtB2_13SecureStorage15get_config_path
FNDA:0,_RNvMNtCs2felTZli3Ur_17zwift_race_finder14secure_storageNtB2_13SecureStorage3new
FNDA:0,_RNvNtCs2felTZli3Ur_17zwift_race_finder14secure_storage14migrate_tokens
FNDA:1,_RNvMNtCs2felTZli3Ur_17zwift_race_finder14secure_storageNtB2_13SecureStorage12save_to_file
FNDA:1,_RNvMNtCs2felTZli3Ur_17zwift_race_finder14secure_storageNtB2_13SecureStorage13load_from_env
FNDA:1,_RNvMNtCs2felTZli3Ur_17zwift_race_finder14secure_storageNtB2_13SecureStorage14load_from_file
FNDA:0,_RNvMNtCs2felTZli3Ur_17zwift_race_finder14secure_storageNtB2_13SecureStorage15save_to_keyring
FNDA:0,_RNvMNtCs2felTZli3Ur_17zwift_race_finder14secure_storageNtB2_13SecureStorage17load_from_keyring
FNDA:2,_RNvMNtCs2felTZli3Ur_17zwift_race_finder14secure_storageNtB2_13SecureStorage18load_strava_tokens
FNDA:1,_RNvMNtCs2felTZli3Ur_17zwift_race_finder14secure_storageNtB2_13SecureStorage18save_strava_tokens
FNDA:2,_RNvMNtCs2felTZli3Ur_17zwift_race_finder14secure_storageNtB2_13SecureStorage19tokens_need_refresh
FNDA:1,_RNCNvMNtCs2felTZli3Ur_17zwift_race_finder14secure_storageNtB4_13SecureStorage13load_from_env0B6_
FNDA:0,_RNCNvMNtCs2felTZli3Ur_17zwift_race_finder14secure_storageNtB4_13SecureStorage14load_from_file0B6_
FNDA:1,_RNvNtNtCs2felTZli3Ur_17zwift_race_finder14secure_storage5testss_16test_env_storage
FNDA:1,_RNvNtNtCs2felTZli3Ur_17zwift_race_finder14secure_storage5testss_17test_file_storage
FNDA:1,_RNvNtNtCs2felTZli3Ur_17zwift_race_finder14secure_storage5testss_24test_token_refresh_check
FNF:19
FNH:10
DA:46,0
DA:47,0
DA:48,0
DA:49,0
DA:50,0
DA:51,0
DA:52,0
DA:53,0
DA:54,0
DA:57,0
DA:58,0
DA:59,0
DA:60,0
DA:61,0
DA:62,0
DA:63,0
DA:64,0
DA:65,0
DA:66,0
DA:67,0
DA:68,0
DA:69,0
DA:70,0
DA:71,0
DA:72,0
DA:73,0
DA:74,0
DA:75,0
DA:76,0
DA:79,0
DA:80,0
DA:81,0
DA:82,0
DA:83,0
DA:84,0
DA:85,0
DA:86,0
DA:87,0
DA:88,0
DA:89,0
DA:90,0
DA:91,0
DA:92,0
DA:93,0
DA:94,0
DA:97,2
DA:98,2
DA:99,1
DA:100,0
DA:101,1
DA:103,2
DA:106,1
DA:107,1
DA:110,0
DA:111,0
DA:112,0
DA:113,0
DA:114,0
DA:115,0
DA:116,0
DA:117,0
DA:118,0
DA:119,0
DA:120,0
DA:121,0
DA:122,0
DA:124,0
DA:125,1
DA:127,1
DA:130,1
DA:131,1
DA:132,1
DA:133,1
DA:134,1
DA:135,1
DA:136,1
DA:137,1
DA:138,1
DA:139,1
DA:140,1
DA:141,1
DA:142,1
DA:143,1
DA:144,1
DA:145,1
DA:146,1
DA:147,1
DA:148,1
DA:161,0
DA:162,0
DA:163,0
DA:175,0
DA:176,0
DA:177,0
DA:180,1
DA:181,1
DA:182,1
DA:183,1
DA:184,1
DA:185,1
DA:188,1
DA:190,1
DA:191,1
DA:192,0
DA:195,1
DA:196,1
DA:197,1
DA:201,1
DA:202,1
DA:203,1
DA:204,1
DA:205,1
DA:209,1
DA:211,1
DA:212,1
DA:215,0
DA:216,0
DA:217,0
DA:218,0
DA:219,0
DA:221,0
DA:224,2
DA:225,2
DA:226,2
DA:227,2
DA:231,0
DA:232,0
DA:233,0
DA:234,0
DA:235,0
DA:238,0
DA:239,0
DA:242,0
DA:245,0
DA:246,0
DA:247,0
DA:248,0
DA:249,0
DA:250,0
DA:251,0
DA:259,1
DA:260,1
DA:261,1
DA:262,1
DA:263,1
DA:264,1
DA:265,1
DA:266,1
DA:267,1
DA:268,1
DA:269,1
DA:270,1
DA:271,1
DA:272,1
DA:273,1
DA:274,1
DA:275,1
DA:276,1
DA:277,1
DA:278,1
DA:279,1
DA:280,1
DA:281,1
DA:282,1
DA:283,1
DA:287,1
DA:288,1
DA:289,1
DA:290,1
DA:292,1
DA:295,1
DA:296,1
DA:297,1
DA:298,1
DA:299,1
DA:300,1
DA:301,1
DA:302,1
DA:303,1
DA:304,1
DA:305,1
DA:306,1
DA:307,1
DA:308,1
DA:309,1
DA:310,1
DA:311,1
DA:312,1
DA:315,1
DA:316,1
DA:317,1
DA:318,1
DA:319,1
DA:320,1
DA:321,1
DA:324,1
DA:325,1
DA:326,1
DA:327,1
DA:328,1
DA:329,1
DA:330,1
DA:331,1
DA:332,1
DA:333,1
DA:334,1
DA:336,1
DA:337,1
DA:338,1
DA:339,1
DA:340,1
DA:341,1
DA:342,1
BRF:0
BRH:0
LF:217
LH:126
end_of_record